<testsuites id="" name="" tests="130" failures="130" skipped="0" errors="0" time="293.04480099999995">
<testsuite name="accessibility.spec.cjs" timestamp="2025-10-07T10:51:00.544Z" hostname="chromium-desktop" tests="26" failures="26" skipped="0" time="910.272" errors="0">
<testcase name="Testes de Acessibilidade - KorLab Nutri › deve passar auditoria de acessibilidade em dashboard" classname="accessibility.spec.cjs" time="35.522">
<failure message="accessibility.spec.cjs:52:5 deve passar auditoria de acessibilidade em dashboard" type="FAILURE">
<![CDATA[  [chromium-desktop] › accessibility.spec.cjs:52:5 › Testes de Acessibilidade - KorLab Nutri › deve passar auditoria de acessibilidade em dashboard 

    Test timeout of 30000ms exceeded while running "beforeEach" hook.

      31 |   let accessibilityHelper;
      32 |
    > 33 |   test.beforeEach(async ({ page }) => {
         |        ^
      34 |     accessibilityHelper = new AccessibilityHelper(page);
      35 |     
      36 |     // Fazer login antes dos testes
        at C:\Users\PC\Desktop\KORLAB\craft-niche-pro\tests\visual\specs\accessibility.spec.cjs:33:8

    attachment #1: screenshot (image/png) ──────────────────────────────────────────────────────────
    ..\reports\test-results\accessibility-Testes-de-Ac-531a7-acessibilidade-em-dashboard-chromium-desktop\test-failed-1.png
    ────────────────────────────────────────────────────────────────────────────────────────────────

    attachment #2: video (video/webm) ──────────────────────────────────────────────────────────────
    ..\reports\test-results\accessibility-Testes-de-Ac-531a7-acessibilidade-em-dashboard-chromium-desktop\video.webm
    ────────────────────────────────────────────────────────────────────────────────────────────────

    Error Context: ..\reports\test-results\accessibility-Testes-de-Ac-531a7-acessibilidade-em-dashboard-chromium-desktop\error-context.md
]]>
</failure>
<system-out>
<![CDATA[
[[ATTACHMENT|..\test-results\accessibility-Testes-de-Ac-531a7-acessibilidade-em-dashboard-chromium-desktop\test-failed-1.png]]

[[ATTACHMENT|..\test-results\accessibility-Testes-de-Ac-531a7-acessibilidade-em-dashboard-chromium-desktop\video.webm]]

[[ATTACHMENT|..\test-results\accessibility-Testes-de-Ac-531a7-acessibilidade-em-dashboard-chromium-desktop\error-context.md]]
]]>
</system-out>
<system-err>
<![CDATA[⚠️ Login automático falhou, continuando sem autenticação
]]>
</system-err>
</testcase>
<testcase name="Testes de Acessibilidade - KorLab Nutri › deve passar auditoria de acessibilidade em clientes" classname="accessibility.spec.cjs" time="35.532">
<failure message="accessibility.spec.cjs:52:5 deve passar auditoria de acessibilidade em clientes" type="FAILURE">
<![CDATA[  [chromium-desktop] › accessibility.spec.cjs:52:5 › Testes de Acessibilidade - KorLab Nutri › deve passar auditoria de acessibilidade em clientes 

    Test timeout of 30000ms exceeded while running "beforeEach" hook.

      31 |   let accessibilityHelper;
      32 |
    > 33 |   test.beforeEach(async ({ page }) => {
         |        ^
      34 |     accessibilityHelper = new AccessibilityHelper(page);
      35 |     
      36 |     // Fazer login antes dos testes
        at C:\Users\PC\Desktop\KORLAB\craft-niche-pro\tests\visual\specs\accessibility.spec.cjs:33:8

    attachment #1: screenshot (image/png) ──────────────────────────────────────────────────────────
    ..\reports\test-results\accessibility-Testes-de-Ac-77a32--acessibilidade-em-clientes-chromium-desktop\test-failed-1.png
    ────────────────────────────────────────────────────────────────────────────────────────────────

    attachment #2: video (video/webm) ──────────────────────────────────────────────────────────────
    ..\reports\test-results\accessibility-Testes-de-Ac-77a32--acessibilidade-em-clientes-chromium-desktop\video.webm
    ────────────────────────────────────────────────────────────────────────────────────────────────

    Error Context: ..\reports\test-results\accessibility-Testes-de-Ac-77a32--acessibilidade-em-clientes-chromium-desktop\error-context.md
]]>
</failure>
<system-out>
<![CDATA[
[[ATTACHMENT|..\test-results\accessibility-Testes-de-Ac-77a32--acessibilidade-em-clientes-chromium-desktop\test-failed-1.png]]

[[ATTACHMENT|..\test-results\accessibility-Testes-de-Ac-77a32--acessibilidade-em-clientes-chromium-desktop\video.webm]]

[[ATTACHMENT|..\test-results\accessibility-Testes-de-Ac-77a32--acessibilidade-em-clientes-chromium-desktop\error-context.md]]
]]>
</system-out>
<system-err>
<![CDATA[⚠️ Login automático falhou, continuando sem autenticação
]]>
</system-err>
</testcase>
<testcase name="Testes de Acessibilidade - KorLab Nutri › deve passar auditoria de acessibilidade em leads" classname="accessibility.spec.cjs" time="35.01">
<failure message="accessibility.spec.cjs:52:5 deve passar auditoria de acessibilidade em leads" type="FAILURE">
<![CDATA[  [chromium-desktop] › accessibility.spec.cjs:52:5 › Testes de Acessibilidade - KorLab Nutri › deve passar auditoria de acessibilidade em leads 

    Test timeout of 30000ms exceeded while running "beforeEach" hook.

      31 |   let accessibilityHelper;
      32 |
    > 33 |   test.beforeEach(async ({ page }) => {
         |        ^
      34 |     accessibilityHelper = new AccessibilityHelper(page);
      35 |     
      36 |     // Fazer login antes dos testes
        at C:\Users\PC\Desktop\KORLAB\craft-niche-pro\tests\visual\specs\accessibility.spec.cjs:33:8

    attachment #1: screenshot (image/png) ──────────────────────────────────────────────────────────
    ..\reports\test-results\accessibility-Testes-de-Ac-4a060--de-acessibilidade-em-leads-chromium-desktop\test-failed-1.png
    ────────────────────────────────────────────────────────────────────────────────────────────────

    attachment #2: video (video/webm) ──────────────────────────────────────────────────────────────
    ..\reports\test-results\accessibility-Testes-de-Ac-4a060--de-acessibilidade-em-leads-chromium-desktop\video.webm
    ────────────────────────────────────────────────────────────────────────────────────────────────

    Error Context: ..\reports\test-results\accessibility-Testes-de-Ac-4a060--de-acessibilidade-em-leads-chromium-desktop\error-context.md
]]>
</failure>
<system-out>
<![CDATA[
[[ATTACHMENT|..\test-results\accessibility-Testes-de-Ac-4a060--de-acessibilidade-em-leads-chromium-desktop\test-failed-1.png]]

[[ATTACHMENT|..\test-results\accessibility-Testes-de-Ac-4a060--de-acessibilidade-em-leads-chromium-desktop\video.webm]]

[[ATTACHMENT|..\test-results\accessibility-Testes-de-Ac-4a060--de-acessibilidade-em-leads-chromium-desktop\error-context.md]]
]]>
</system-out>
<system-err>
<![CDATA[⚠️ Login automático falhou, continuando sem autenticação
]]>
</system-err>
</testcase>
<testcase name="Testes de Acessibilidade - KorLab Nutri › deve passar auditoria de acessibilidade em agendamentos" classname="accessibility.spec.cjs" time="35.593">
<failure message="accessibility.spec.cjs:52:5 deve passar auditoria de acessibilidade em agendamentos" type="FAILURE">
<![CDATA[  [chromium-desktop] › accessibility.spec.cjs:52:5 › Testes de Acessibilidade - KorLab Nutri › deve passar auditoria de acessibilidade em agendamentos 

    Test timeout of 30000ms exceeded while running "beforeEach" hook.

      31 |   let accessibilityHelper;
      32 |
    > 33 |   test.beforeEach(async ({ page }) => {
         |        ^
      34 |     accessibilityHelper = new AccessibilityHelper(page);
      35 |     
      36 |     // Fazer login antes dos testes
        at C:\Users\PC\Desktop\KORLAB\craft-niche-pro\tests\visual\specs\accessibility.spec.cjs:33:8

    attachment #1: screenshot (image/png) ──────────────────────────────────────────────────────────
    ..\reports\test-results\accessibility-Testes-de-Ac-2d44f-ssibilidade-em-agendamentos-chromium-desktop\test-failed-1.png
    ────────────────────────────────────────────────────────────────────────────────────────────────

    attachment #2: video (video/webm) ──────────────────────────────────────────────────────────────
    ..\reports\test-results\accessibility-Testes-de-Ac-2d44f-ssibilidade-em-agendamentos-chromium-desktop\video.webm
    ────────────────────────────────────────────────────────────────────────────────────────────────

    Error Context: ..\reports\test-results\accessibility-Testes-de-Ac-2d44f-ssibilidade-em-agendamentos-chromium-desktop\error-context.md
]]>
</failure>
<system-out>
<![CDATA[
[[ATTACHMENT|..\test-results\accessibility-Testes-de-Ac-2d44f-ssibilidade-em-agendamentos-chromium-desktop\test-failed-1.png]]

[[ATTACHMENT|..\test-results\accessibility-Testes-de-Ac-2d44f-ssibilidade-em-agendamentos-chromium-desktop\video.webm]]

[[ATTACHMENT|..\test-results\accessibility-Testes-de-Ac-2d44f-ssibilidade-em-agendamentos-chromium-desktop\error-context.md]]
]]>
</system-out>
<system-err>
<![CDATA[⚠️ Login automático falhou, continuando sem autenticação
]]>
</system-err>
</testcase>
<testcase name="Testes de Acessibilidade - KorLab Nutri › deve passar auditoria de acessibilidade em planos-alimentares" classname="accessibility.spec.cjs" time="35.26">
<failure message="accessibility.spec.cjs:52:5 deve passar auditoria de acessibilidade em planos-alimentares" type="FAILURE">
<![CDATA[  [chromium-desktop] › accessibility.spec.cjs:52:5 › Testes de Acessibilidade - KorLab Nutri › deve passar auditoria de acessibilidade em planos-alimentares 

    Test timeout of 30000ms exceeded while running "beforeEach" hook.

      31 |   let accessibilityHelper;
      32 |
    > 33 |   test.beforeEach(async ({ page }) => {
         |        ^
      34 |     accessibilityHelper = new AccessibilityHelper(page);
      35 |     
      36 |     // Fazer login antes dos testes
        at C:\Users\PC\Desktop\KORLAB\craft-niche-pro\tests\visual\specs\accessibility.spec.cjs:33:8

    attachment #1: screenshot (image/png) ──────────────────────────────────────────────────────────
    ..\reports\test-results\accessibility-Testes-de-Ac-07449-idade-em-planos-alimentares-chromium-desktop\test-failed-1.png
    ────────────────────────────────────────────────────────────────────────────────────────────────

    attachment #2: video (video/webm) ──────────────────────────────────────────────────────────────
    ..\reports\test-results\accessibility-Testes-de-Ac-07449-idade-em-planos-alimentares-chromium-desktop\video.webm
    ────────────────────────────────────────────────────────────────────────────────────────────────

    Error Context: ..\reports\test-results\accessibility-Testes-de-Ac-07449-idade-em-planos-alimentares-chromium-desktop\error-context.md
]]>
</failure>
<system-out>
<![CDATA[
[[ATTACHMENT|..\test-results\accessibility-Testes-de-Ac-07449-idade-em-planos-alimentares-chromium-desktop\test-failed-1.png]]

[[ATTACHMENT|..\test-results\accessibility-Testes-de-Ac-07449-idade-em-planos-alimentares-chromium-desktop\video.webm]]

[[ATTACHMENT|..\test-results\accessibility-Testes-de-Ac-07449-idade-em-planos-alimentares-chromium-desktop\error-context.md]]
]]>
</system-out>
<system-err>
<![CDATA[⚠️ Login automático falhou, continuando sem autenticação
]]>
</system-err>
</testcase>
<testcase name="Testes de Acessibilidade - KorLab Nutri › deve passar auditoria de acessibilidade em questionarios" classname="accessibility.spec.cjs" time="35.522">
<failure message="accessibility.spec.cjs:52:5 deve passar auditoria de acessibilidade em questionarios" type="FAILURE">
<![CDATA[  [chromium-desktop] › accessibility.spec.cjs:52:5 › Testes de Acessibilidade - KorLab Nutri › deve passar auditoria de acessibilidade em questionarios 

    Test timeout of 30000ms exceeded while running "beforeEach" hook.

      31 |   let accessibilityHelper;
      32 |
    > 33 |   test.beforeEach(async ({ page }) => {
         |        ^
      34 |     accessibilityHelper = new AccessibilityHelper(page);
      35 |     
      36 |     // Fazer login antes dos testes
        at C:\Users\PC\Desktop\KORLAB\craft-niche-pro\tests\visual\specs\accessibility.spec.cjs:33:8

    attachment #1: screenshot (image/png) ──────────────────────────────────────────────────────────
    ..\reports\test-results\accessibility-Testes-de-Ac-78131-sibilidade-em-questionarios-chromium-desktop\test-failed-1.png
    ────────────────────────────────────────────────────────────────────────────────────────────────

    attachment #2: video (video/webm) ──────────────────────────────────────────────────────────────
    ..\reports\test-results\accessibility-Testes-de-Ac-78131-sibilidade-em-questionarios-chromium-desktop\video.webm
    ────────────────────────────────────────────────────────────────────────────────────────────────

    Error Context: ..\reports\test-results\accessibility-Testes-de-Ac-78131-sibilidade-em-questionarios-chromium-desktop\error-context.md
]]>
</failure>
<system-out>
<![CDATA[
[[ATTACHMENT|..\test-results\accessibility-Testes-de-Ac-78131-sibilidade-em-questionarios-chromium-desktop\test-failed-1.png]]

[[ATTACHMENT|..\test-results\accessibility-Testes-de-Ac-78131-sibilidade-em-questionarios-chromium-desktop\video.webm]]

[[ATTACHMENT|..\test-results\accessibility-Testes-de-Ac-78131-sibilidade-em-questionarios-chromium-desktop\error-context.md]]
]]>
</system-out>
<system-err>
<![CDATA[⚠️ Login automático falhou, continuando sem autenticação
]]>
</system-err>
</testcase>
<testcase name="Testes de Acessibilidade - KorLab Nutri › deve passar auditoria de acessibilidade em questionarios-builder" classname="accessibility.spec.cjs" time="35.395">
<failure message="accessibility.spec.cjs:52:5 deve passar auditoria de acessibilidade em questionarios-builder" type="FAILURE">
<![CDATA[  [chromium-desktop] › accessibility.spec.cjs:52:5 › Testes de Acessibilidade - KorLab Nutri › deve passar auditoria de acessibilidade em questionarios-builder 

    Test timeout of 30000ms exceeded while running "beforeEach" hook.

      31 |   let accessibilityHelper;
      32 |
    > 33 |   test.beforeEach(async ({ page }) => {
         |        ^
      34 |     accessibilityHelper = new AccessibilityHelper(page);
      35 |     
      36 |     // Fazer login antes dos testes
        at C:\Users\PC\Desktop\KORLAB\craft-niche-pro\tests\visual\specs\accessibility.spec.cjs:33:8

    attachment #1: screenshot (image/png) ──────────────────────────────────────────────────────────
    ..\reports\test-results\accessibility-Testes-de-Ac-ce509-de-em-questionarios-builder-chromium-desktop\test-failed-1.png
    ────────────────────────────────────────────────────────────────────────────────────────────────

    attachment #2: video (video/webm) ──────────────────────────────────────────────────────────────
    ..\reports\test-results\accessibility-Testes-de-Ac-ce509-de-em-questionarios-builder-chromium-desktop\video.webm
    ────────────────────────────────────────────────────────────────────────────────────────────────

    Error Context: ..\reports\test-results\accessibility-Testes-de-Ac-ce509-de-em-questionarios-builder-chromium-desktop\error-context.md
]]>
</failure>
<system-out>
<![CDATA[
[[ATTACHMENT|..\test-results\accessibility-Testes-de-Ac-ce509-de-em-questionarios-builder-chromium-desktop\test-failed-1.png]]

[[ATTACHMENT|..\test-results\accessibility-Testes-de-Ac-ce509-de-em-questionarios-builder-chromium-desktop\video.webm]]

[[ATTACHMENT|..\test-results\accessibility-Testes-de-Ac-ce509-de-em-questionarios-builder-chromium-desktop\error-context.md]]
]]>
</system-out>
<system-err>
<![CDATA[⚠️ Login automático falhou, continuando sem autenticação
]]>
</system-err>
</testcase>
<testcase name="Testes de Acessibilidade - KorLab Nutri › deve passar auditoria de acessibilidade em recordatorio" classname="accessibility.spec.cjs" time="35.53">
<failure message="accessibility.spec.cjs:52:5 deve passar auditoria de acessibilidade em recordatorio" type="FAILURE">
<![CDATA[  [chromium-desktop] › accessibility.spec.cjs:52:5 › Testes de Acessibilidade - KorLab Nutri › deve passar auditoria de acessibilidade em recordatorio 

    Test timeout of 30000ms exceeded while running "beforeEach" hook.

      31 |   let accessibilityHelper;
      32 |
    > 33 |   test.beforeEach(async ({ page }) => {
         |        ^
      34 |     accessibilityHelper = new AccessibilityHelper(page);
      35 |     
      36 |     // Fazer login antes dos testes
        at C:\Users\PC\Desktop\KORLAB\craft-niche-pro\tests\visual\specs\accessibility.spec.cjs:33:8

    attachment #1: screenshot (image/png) ──────────────────────────────────────────────────────────
    ..\reports\test-results\accessibility-Testes-de-Ac-8d2ba-ssibilidade-em-recordatorio-chromium-desktop\test-failed-1.png
    ────────────────────────────────────────────────────────────────────────────────────────────────

    attachment #2: video (video/webm) ──────────────────────────────────────────────────────────────
    ..\reports\test-results\accessibility-Testes-de-Ac-8d2ba-ssibilidade-em-recordatorio-chromium-desktop\video.webm
    ────────────────────────────────────────────────────────────────────────────────────────────────

    Error Context: ..\reports\test-results\accessibility-Testes-de-Ac-8d2ba-ssibilidade-em-recordatorio-chromium-desktop\error-context.md
]]>
</failure>
<system-out>
<![CDATA[
[[ATTACHMENT|..\test-results\accessibility-Testes-de-Ac-8d2ba-ssibilidade-em-recordatorio-chromium-desktop\test-failed-1.png]]

[[ATTACHMENT|..\test-results\accessibility-Testes-de-Ac-8d2ba-ssibilidade-em-recordatorio-chromium-desktop\video.webm]]

[[ATTACHMENT|..\test-results\accessibility-Testes-de-Ac-8d2ba-ssibilidade-em-recordatorio-chromium-desktop\error-context.md]]
]]>
</system-out>
<system-err>
<![CDATA[⚠️ Login automático falhou, continuando sem autenticação
]]>
</system-err>
</testcase>
<testcase name="Testes de Acessibilidade - KorLab Nutri › deve passar auditoria de acessibilidade em feedbacks" classname="accessibility.spec.cjs" time="35.532">
<failure message="accessibility.spec.cjs:52:5 deve passar auditoria de acessibilidade em feedbacks" type="FAILURE">
<![CDATA[  [chromium-desktop] › accessibility.spec.cjs:52:5 › Testes de Acessibilidade - KorLab Nutri › deve passar auditoria de acessibilidade em feedbacks 

    Test timeout of 30000ms exceeded while running "beforeEach" hook.

      31 |   let accessibilityHelper;
      32 |
    > 33 |   test.beforeEach(async ({ page }) => {
         |        ^
      34 |     accessibilityHelper = new AccessibilityHelper(page);
      35 |     
      36 |     // Fazer login antes dos testes
        at C:\Users\PC\Desktop\KORLAB\craft-niche-pro\tests\visual\specs\accessibility.spec.cjs:33:8

    attachment #1: screenshot (image/png) ──────────────────────────────────────────────────────────
    ..\reports\test-results\accessibility-Testes-de-Ac-9f180-acessibilidade-em-feedbacks-chromium-desktop\test-failed-1.png
    ────────────────────────────────────────────────────────────────────────────────────────────────

    attachment #2: video (video/webm) ──────────────────────────────────────────────────────────────
    ..\reports\test-results\accessibility-Testes-de-Ac-9f180-acessibilidade-em-feedbacks-chromium-desktop\video.webm
    ────────────────────────────────────────────────────────────────────────────────────────────────

    Error Context: ..\reports\test-results\accessibility-Testes-de-Ac-9f180-acessibilidade-em-feedbacks-chromium-desktop\error-context.md
]]>
</failure>
<system-out>
<![CDATA[
[[ATTACHMENT|..\test-results\accessibility-Testes-de-Ac-9f180-acessibilidade-em-feedbacks-chromium-desktop\test-failed-1.png]]

[[ATTACHMENT|..\test-results\accessibility-Testes-de-Ac-9f180-acessibilidade-em-feedbacks-chromium-desktop\video.webm]]

[[ATTACHMENT|..\test-results\accessibility-Testes-de-Ac-9f180-acessibilidade-em-feedbacks-chromium-desktop\error-context.md]]
]]>
</system-out>
<system-err>
<![CDATA[⚠️ Login automático falhou, continuando sem autenticação
]]>
</system-err>
</testcase>
<testcase name="Testes de Acessibilidade - KorLab Nutri › deve passar auditoria de acessibilidade em servicos" classname="accessibility.spec.cjs" time="35.41">
<failure message="accessibility.spec.cjs:52:5 deve passar auditoria de acessibilidade em servicos" type="FAILURE">
<![CDATA[  [chromium-desktop] › accessibility.spec.cjs:52:5 › Testes de Acessibilidade - KorLab Nutri › deve passar auditoria de acessibilidade em servicos 

    Test timeout of 30000ms exceeded while running "beforeEach" hook.

      31 |   let accessibilityHelper;
      32 |
    > 33 |   test.beforeEach(async ({ page }) => {
         |        ^
      34 |     accessibilityHelper = new AccessibilityHelper(page);
      35 |     
      36 |     // Fazer login antes dos testes
        at C:\Users\PC\Desktop\KORLAB\craft-niche-pro\tests\visual\specs\accessibility.spec.cjs:33:8

    attachment #1: screenshot (image/png) ──────────────────────────────────────────────────────────
    ..\reports\test-results\accessibility-Testes-de-Ac-0ed70--acessibilidade-em-servicos-chromium-desktop\test-failed-1.png
    ────────────────────────────────────────────────────────────────────────────────────────────────

    attachment #2: video (video/webm) ──────────────────────────────────────────────────────────────
    ..\reports\test-results\accessibility-Testes-de-Ac-0ed70--acessibilidade-em-servicos-chromium-desktop\video.webm
    ────────────────────────────────────────────────────────────────────────────────────────────────

    Error Context: ..\reports\test-results\accessibility-Testes-de-Ac-0ed70--acessibilidade-em-servicos-chromium-desktop\error-context.md
]]>
</failure>
<system-out>
<![CDATA[
[[ATTACHMENT|..\test-results\accessibility-Testes-de-Ac-0ed70--acessibilidade-em-servicos-chromium-desktop\test-failed-1.png]]

[[ATTACHMENT|..\test-results\accessibility-Testes-de-Ac-0ed70--acessibilidade-em-servicos-chromium-desktop\video.webm]]

[[ATTACHMENT|..\test-results\accessibility-Testes-de-Ac-0ed70--acessibilidade-em-servicos-chromium-desktop\error-context.md]]
]]>
</system-out>
<system-err>
<![CDATA[⚠️ Login automático falhou, continuando sem autenticação
]]>
</system-err>
</testcase>
<testcase name="Testes de Acessibilidade - KorLab Nutri › deve passar auditoria de acessibilidade em mensagens" classname="accessibility.spec.cjs" time="35.406">
<failure message="accessibility.spec.cjs:52:5 deve passar auditoria de acessibilidade em mensagens" type="FAILURE">
<![CDATA[  [chromium-desktop] › accessibility.spec.cjs:52:5 › Testes de Acessibilidade - KorLab Nutri › deve passar auditoria de acessibilidade em mensagens 

    Test timeout of 30000ms exceeded while running "beforeEach" hook.

      31 |   let accessibilityHelper;
      32 |
    > 33 |   test.beforeEach(async ({ page }) => {
         |        ^
      34 |     accessibilityHelper = new AccessibilityHelper(page);
      35 |     
      36 |     // Fazer login antes dos testes
        at C:\Users\PC\Desktop\KORLAB\craft-niche-pro\tests\visual\specs\accessibility.spec.cjs:33:8

    attachment #1: screenshot (image/png) ──────────────────────────────────────────────────────────
    ..\reports\test-results\accessibility-Testes-de-Ac-97352-acessibilidade-em-mensagens-chromium-desktop\test-failed-1.png
    ────────────────────────────────────────────────────────────────────────────────────────────────

    attachment #2: video (video/webm) ──────────────────────────────────────────────────────────────
    ..\reports\test-results\accessibility-Testes-de-Ac-97352-acessibilidade-em-mensagens-chromium-desktop\video.webm
    ────────────────────────────────────────────────────────────────────────────────────────────────

    Error Context: ..\reports\test-results\accessibility-Testes-de-Ac-97352-acessibilidade-em-mensagens-chromium-desktop\error-context.md
]]>
</failure>
<system-out>
<![CDATA[
[[ATTACHMENT|..\test-results\accessibility-Testes-de-Ac-97352-acessibilidade-em-mensagens-chromium-desktop\test-failed-1.png]]

[[ATTACHMENT|..\test-results\accessibility-Testes-de-Ac-97352-acessibilidade-em-mensagens-chromium-desktop\video.webm]]

[[ATTACHMENT|..\test-results\accessibility-Testes-de-Ac-97352-acessibilidade-em-mensagens-chromium-desktop\error-context.md]]
]]>
</system-out>
<system-err>
<![CDATA[⚠️ Login automático falhou, continuando sem autenticação
]]>
</system-err>
</testcase>
<testcase name="Testes de Acessibilidade - KorLab Nutri › deve passar auditoria de acessibilidade em lembretes" classname="accessibility.spec.cjs" time="35.474">
<failure message="accessibility.spec.cjs:52:5 deve passar auditoria de acessibilidade em lembretes" type="FAILURE">
<![CDATA[  [chromium-desktop] › accessibility.spec.cjs:52:5 › Testes de Acessibilidade - KorLab Nutri › deve passar auditoria de acessibilidade em lembretes 

    Test timeout of 30000ms exceeded while running "beforeEach" hook.

      31 |   let accessibilityHelper;
      32 |
    > 33 |   test.beforeEach(async ({ page }) => {
         |        ^
      34 |     accessibilityHelper = new AccessibilityHelper(page);
      35 |     
      36 |     // Fazer login antes dos testes
        at C:\Users\PC\Desktop\KORLAB\craft-niche-pro\tests\visual\specs\accessibility.spec.cjs:33:8

    attachment #1: screenshot (image/png) ──────────────────────────────────────────────────────────
    ..\reports\test-results\accessibility-Testes-de-Ac-c1609-acessibilidade-em-lembretes-chromium-desktop\test-failed-1.png
    ────────────────────────────────────────────────────────────────────────────────────────────────

    attachment #2: video (video/webm) ──────────────────────────────────────────────────────────────
    ..\reports\test-results\accessibility-Testes-de-Ac-c1609-acessibilidade-em-lembretes-chromium-desktop\video.webm
    ────────────────────────────────────────────────────────────────────────────────────────────────

    Error Context: ..\reports\test-results\accessibility-Testes-de-Ac-c1609-acessibilidade-em-lembretes-chromium-desktop\error-context.md
]]>
</failure>
<system-out>
<![CDATA[
[[ATTACHMENT|..\test-results\accessibility-Testes-de-Ac-c1609-acessibilidade-em-lembretes-chromium-desktop\test-failed-1.png]]

[[ATTACHMENT|..\test-results\accessibility-Testes-de-Ac-c1609-acessibilidade-em-lembretes-chromium-desktop\video.webm]]

[[ATTACHMENT|..\test-results\accessibility-Testes-de-Ac-c1609-acessibilidade-em-lembretes-chromium-desktop\error-context.md]]
]]>
</system-out>
<system-err>
<![CDATA[⚠️ Login automático falhou, continuando sem autenticação
]]>
</system-err>
</testcase>
<testcase name="Testes de Acessibilidade - KorLab Nutri › deve passar auditoria de acessibilidade em agente-ia" classname="accessibility.spec.cjs" time="35.541">
<failure message="accessibility.spec.cjs:52:5 deve passar auditoria de acessibilidade em agente-ia" type="FAILURE">
<![CDATA[  [chromium-desktop] › accessibility.spec.cjs:52:5 › Testes de Acessibilidade - KorLab Nutri › deve passar auditoria de acessibilidade em agente-ia 

    Test timeout of 30000ms exceeded while running "beforeEach" hook.

      31 |   let accessibilityHelper;
      32 |
    > 33 |   test.beforeEach(async ({ page }) => {
         |        ^
      34 |     accessibilityHelper = new AccessibilityHelper(page);
      35 |     
      36 |     // Fazer login antes dos testes
        at C:\Users\PC\Desktop\KORLAB\craft-niche-pro\tests\visual\specs\accessibility.spec.cjs:33:8

    attachment #1: screenshot (image/png) ──────────────────────────────────────────────────────────
    ..\reports\test-results\accessibility-Testes-de-Ac-a4235-acessibilidade-em-agente-ia-chromium-desktop\test-failed-1.png
    ────────────────────────────────────────────────────────────────────────────────────────────────

    attachment #2: video (video/webm) ──────────────────────────────────────────────────────────────
    ..\reports\test-results\accessibility-Testes-de-Ac-a4235-acessibilidade-em-agente-ia-chromium-desktop\video.webm
    ────────────────────────────────────────────────────────────────────────────────────────────────

    Error Context: ..\reports\test-results\accessibility-Testes-de-Ac-a4235-acessibilidade-em-agente-ia-chromium-desktop\error-context.md
]]>
</failure>
<system-out>
<![CDATA[
[[ATTACHMENT|..\test-results\accessibility-Testes-de-Ac-a4235-acessibilidade-em-agente-ia-chromium-desktop\test-failed-1.png]]

[[ATTACHMENT|..\test-results\accessibility-Testes-de-Ac-a4235-acessibilidade-em-agente-ia-chromium-desktop\video.webm]]

[[ATTACHMENT|..\test-results\accessibility-Testes-de-Ac-a4235-acessibilidade-em-agente-ia-chromium-desktop\error-context.md]]
]]>
</system-out>
<system-err>
<![CDATA[⚠️ Login automático falhou, continuando sem autenticação
]]>
</system-err>
</testcase>
<testcase name="Testes de Acessibilidade - KorLab Nutri › deve passar auditoria de acessibilidade em base-conhecimento" classname="accessibility.spec.cjs" time="35.512">
<failure message="accessibility.spec.cjs:52:5 deve passar auditoria de acessibilidade em base-conhecimento" type="FAILURE">
<![CDATA[  [chromium-desktop] › accessibility.spec.cjs:52:5 › Testes de Acessibilidade - KorLab Nutri › deve passar auditoria de acessibilidade em base-conhecimento 

    Test timeout of 30000ms exceeded while running "beforeEach" hook.

      31 |   let accessibilityHelper;
      32 |
    > 33 |   test.beforeEach(async ({ page }) => {
         |        ^
      34 |     accessibilityHelper = new AccessibilityHelper(page);
      35 |     
      36 |     // Fazer login antes dos testes
        at C:\Users\PC\Desktop\KORLAB\craft-niche-pro\tests\visual\specs\accessibility.spec.cjs:33:8

    attachment #1: screenshot (image/png) ──────────────────────────────────────────────────────────
    ..\reports\test-results\accessibility-Testes-de-Ac-7b1a7-lidade-em-base-conhecimento-chromium-desktop\test-failed-1.png
    ────────────────────────────────────────────────────────────────────────────────────────────────

    attachment #2: video (video/webm) ──────────────────────────────────────────────────────────────
    ..\reports\test-results\accessibility-Testes-de-Ac-7b1a7-lidade-em-base-conhecimento-chromium-desktop\video.webm
    ────────────────────────────────────────────────────────────────────────────────────────────────

    Error Context: ..\reports\test-results\accessibility-Testes-de-Ac-7b1a7-lidade-em-base-conhecimento-chromium-desktop\error-context.md
]]>
</failure>
<system-out>
<![CDATA[
[[ATTACHMENT|..\test-results\accessibility-Testes-de-Ac-7b1a7-lidade-em-base-conhecimento-chromium-desktop\test-failed-1.png]]

[[ATTACHMENT|..\test-results\accessibility-Testes-de-Ac-7b1a7-lidade-em-base-conhecimento-chromium-desktop\video.webm]]

[[ATTACHMENT|..\test-results\accessibility-Testes-de-Ac-7b1a7-lidade-em-base-conhecimento-chromium-desktop\error-context.md]]
]]>
</system-out>
<system-err>
<![CDATA[⚠️ Login automático falhou, continuando sem autenticação
]]>
</system-err>
</testcase>
<testcase name="Testes de Acessibilidade - KorLab Nutri › deve passar auditoria de acessibilidade em relatorios" classname="accessibility.spec.cjs" time="35.494">
<failure message="accessibility.spec.cjs:52:5 deve passar auditoria de acessibilidade em relatorios" type="FAILURE">
<![CDATA[  [chromium-desktop] › accessibility.spec.cjs:52:5 › Testes de Acessibilidade - KorLab Nutri › deve passar auditoria de acessibilidade em relatorios 

    Test timeout of 30000ms exceeded while running "beforeEach" hook.

      31 |   let accessibilityHelper;
      32 |
    > 33 |   test.beforeEach(async ({ page }) => {
         |        ^
      34 |     accessibilityHelper = new AccessibilityHelper(page);
      35 |     
      36 |     // Fazer login antes dos testes
        at C:\Users\PC\Desktop\KORLAB\craft-niche-pro\tests\visual\specs\accessibility.spec.cjs:33:8

    attachment #1: screenshot (image/png) ──────────────────────────────────────────────────────────
    ..\reports\test-results\accessibility-Testes-de-Ac-ca0cb-cessibilidade-em-relatorios-chromium-desktop\test-failed-1.png
    ────────────────────────────────────────────────────────────────────────────────────────────────

    attachment #2: video (video/webm) ──────────────────────────────────────────────────────────────
    ..\reports\test-results\accessibility-Testes-de-Ac-ca0cb-cessibilidade-em-relatorios-chromium-desktop\video.webm
    ────────────────────────────────────────────────────────────────────────────────────────────────

    Error Context: ..\reports\test-results\accessibility-Testes-de-Ac-ca0cb-cessibilidade-em-relatorios-chromium-desktop\error-context.md
]]>
</failure>
<system-out>
<![CDATA[
[[ATTACHMENT|..\test-results\accessibility-Testes-de-Ac-ca0cb-cessibilidade-em-relatorios-chromium-desktop\test-failed-1.png]]

[[ATTACHMENT|..\test-results\accessibility-Testes-de-Ac-ca0cb-cessibilidade-em-relatorios-chromium-desktop\video.webm]]

[[ATTACHMENT|..\test-results\accessibility-Testes-de-Ac-ca0cb-cessibilidade-em-relatorios-chromium-desktop\error-context.md]]
]]>
</system-out>
<system-err>
<![CDATA[⚠️ Login automático falhou, continuando sem autenticação
]]>
</system-err>
</testcase>
<testcase name="Testes de Acessibilidade - KorLab Nutri › deve passar auditoria de acessibilidade em financeiro" classname="accessibility.spec.cjs" time="35.458">
<failure message="accessibility.spec.cjs:52:5 deve passar auditoria de acessibilidade em financeiro" type="FAILURE">
<![CDATA[  [chromium-desktop] › accessibility.spec.cjs:52:5 › Testes de Acessibilidade - KorLab Nutri › deve passar auditoria de acessibilidade em financeiro 

    Test timeout of 30000ms exceeded while running "beforeEach" hook.

      31 |   let accessibilityHelper;
      32 |
    > 33 |   test.beforeEach(async ({ page }) => {
         |        ^
      34 |     accessibilityHelper = new AccessibilityHelper(page);
      35 |     
      36 |     // Fazer login antes dos testes
        at C:\Users\PC\Desktop\KORLAB\craft-niche-pro\tests\visual\specs\accessibility.spec.cjs:33:8

    attachment #1: screenshot (image/png) ──────────────────────────────────────────────────────────
    ..\reports\test-results\accessibility-Testes-de-Ac-930cc-cessibilidade-em-financeiro-chromium-desktop\test-failed-1.png
    ────────────────────────────────────────────────────────────────────────────────────────────────

    attachment #2: video (video/webm) ──────────────────────────────────────────────────────────────
    ..\reports\test-results\accessibility-Testes-de-Ac-930cc-cessibilidade-em-financeiro-chromium-desktop\video.webm
    ────────────────────────────────────────────────────────────────────────────────────────────────

    Error Context: ..\reports\test-results\accessibility-Testes-de-Ac-930cc-cessibilidade-em-financeiro-chromium-desktop\error-context.md
]]>
</failure>
<system-out>
<![CDATA[
[[ATTACHMENT|..\test-results\accessibility-Testes-de-Ac-930cc-cessibilidade-em-financeiro-chromium-desktop\test-failed-1.png]]

[[ATTACHMENT|..\test-results\accessibility-Testes-de-Ac-930cc-cessibilidade-em-financeiro-chromium-desktop\video.webm]]

[[ATTACHMENT|..\test-results\accessibility-Testes-de-Ac-930cc-cessibilidade-em-financeiro-chromium-desktop\error-context.md]]
]]>
</system-out>
<system-err>
<![CDATA[⚠️ Login automático falhou, continuando sem autenticação
]]>
</system-err>
</testcase>
<testcase name="Testes de Acessibilidade - KorLab Nutri › deve passar auditoria de acessibilidade em configuracoes" classname="accessibility.spec.cjs" time="33.592">
<failure message="accessibility.spec.cjs:52:5 deve passar auditoria de acessibilidade em configuracoes" type="FAILURE">
<![CDATA[  [chromium-desktop] › accessibility.spec.cjs:52:5 › Testes de Acessibilidade - KorLab Nutri › deve passar auditoria de acessibilidade em configuracoes 

    Test timeout of 30000ms exceeded while running "beforeEach" hook.

      31 |   let accessibilityHelper;
      32 |
    > 33 |   test.beforeEach(async ({ page }) => {
         |        ^
      34 |     accessibilityHelper = new AccessibilityHelper(page);
      35 |     
      36 |     // Fazer login antes dos testes
        at C:\Users\PC\Desktop\KORLAB\craft-niche-pro\tests\visual\specs\accessibility.spec.cjs:33:8

    attachment #1: screenshot (image/png) ──────────────────────────────────────────────────────────
    ..\reports\test-results\accessibility-Testes-de-Ac-4ef86-sibilidade-em-configuracoes-chromium-desktop\test-failed-1.png
    ────────────────────────────────────────────────────────────────────────────────────────────────

    attachment #2: video (video/webm) ──────────────────────────────────────────────────────────────
    ..\reports\test-results\accessibility-Testes-de-Ac-4ef86-sibilidade-em-configuracoes-chromium-desktop\video.webm
    ────────────────────────────────────────────────────────────────────────────────────────────────

    Error Context: ..\reports\test-results\accessibility-Testes-de-Ac-4ef86-sibilidade-em-configuracoes-chromium-desktop\error-context.md
]]>
</failure>
<system-out>
<![CDATA[
[[ATTACHMENT|..\test-results\accessibility-Testes-de-Ac-4ef86-sibilidade-em-configuracoes-chromium-desktop\test-failed-1.png]]

[[ATTACHMENT|..\test-results\accessibility-Testes-de-Ac-4ef86-sibilidade-em-configuracoes-chromium-desktop\video.webm]]

[[ATTACHMENT|..\test-results\accessibility-Testes-de-Ac-4ef86-sibilidade-em-configuracoes-chromium-desktop\error-context.md]]
]]>
</system-out>
<system-err>
<![CDATA[⚠️ Login automático falhou, continuando sem autenticação
]]>
</system-err>
</testcase>
<testcase name="Testes de Acessibilidade - KorLab Nutri › deve suportar navegação por teclado" classname="accessibility.spec.cjs" time="33.948">
<failure message="accessibility.spec.cjs:90:3 deve suportar navegação por teclado" type="FAILURE">
<![CDATA[  [chromium-desktop] › accessibility.spec.cjs:90:3 › Testes de Acessibilidade - KorLab Nutri › deve suportar navegação por teclado 

    Test timeout of 30000ms exceeded while running "beforeEach" hook.

      31 |   let accessibilityHelper;
      32 |
    > 33 |   test.beforeEach(async ({ page }) => {
         |        ^
      34 |     accessibilityHelper = new AccessibilityHelper(page);
      35 |     
      36 |     // Fazer login antes dos testes
        at C:\Users\PC\Desktop\KORLAB\craft-niche-pro\tests\visual\specs\accessibility.spec.cjs:33:8

    attachment #1: screenshot (image/png) ──────────────────────────────────────────────────────────
    ..\reports\test-results\accessibility-Testes-de-Ac-135c0-ortar-navegação-por-teclado-chromium-desktop\test-failed-1.png
    ────────────────────────────────────────────────────────────────────────────────────────────────

    attachment #2: video (video/webm) ──────────────────────────────────────────────────────────────
    ..\reports\test-results\accessibility-Testes-de-Ac-135c0-ortar-navegação-por-teclado-chromium-desktop\video.webm
    ────────────────────────────────────────────────────────────────────────────────────────────────

    Error Context: ..\reports\test-results\accessibility-Testes-de-Ac-135c0-ortar-navegação-por-teclado-chromium-desktop\error-context.md
]]>
</failure>
<system-out>
<![CDATA[
[[ATTACHMENT|..\test-results\accessibility-Testes-de-Ac-135c0-ortar-navegação-por-teclado-chromium-desktop\test-failed-1.png]]

[[ATTACHMENT|..\test-results\accessibility-Testes-de-Ac-135c0-ortar-navegação-por-teclado-chromium-desktop\video.webm]]

[[ATTACHMENT|..\test-results\accessibility-Testes-de-Ac-135c0-ortar-navegação-por-teclado-chromium-desktop\error-context.md]]
]]>
</system-out>
<system-err>
<![CDATA[⚠️ Login automático falhou, continuando sem autenticação
]]>
</system-err>
</testcase>
<testcase name="Testes de Acessibilidade - KorLab Nutri › deve ter contraste adequado" classname="accessibility.spec.cjs" time="34.212">
<failure message="accessibility.spec.cjs:105:3 deve ter contraste adequado" type="FAILURE">
<![CDATA[  [chromium-desktop] › accessibility.spec.cjs:105:3 › Testes de Acessibilidade - KorLab Nutri › deve ter contraste adequado 

    Test timeout of 30000ms exceeded while running "beforeEach" hook.

      31 |   let accessibilityHelper;
      32 |
    > 33 |   test.beforeEach(async ({ page }) => {
         |        ^
      34 |     accessibilityHelper = new AccessibilityHelper(page);
      35 |     
      36 |     // Fazer login antes dos testes
        at C:\Users\PC\Desktop\KORLAB\craft-niche-pro\tests\visual\specs\accessibility.spec.cjs:33:8

    attachment #1: screenshot (image/png) ──────────────────────────────────────────────────────────
    ..\reports\test-results\accessibility-Testes-de-Ac-ab88b-deve-ter-contraste-adequado-chromium-desktop\test-failed-1.png
    ────────────────────────────────────────────────────────────────────────────────────────────────

    attachment #2: video (video/webm) ──────────────────────────────────────────────────────────────
    ..\reports\test-results\accessibility-Testes-de-Ac-ab88b-deve-ter-contraste-adequado-chromium-desktop\video.webm
    ────────────────────────────────────────────────────────────────────────────────────────────────

    Error Context: ..\reports\test-results\accessibility-Testes-de-Ac-ab88b-deve-ter-contraste-adequado-chromium-desktop\error-context.md
]]>
</failure>
<system-out>
<![CDATA[
[[ATTACHMENT|..\test-results\accessibility-Testes-de-Ac-ab88b-deve-ter-contraste-adequado-chromium-desktop\test-failed-1.png]]

[[ATTACHMENT|..\test-results\accessibility-Testes-de-Ac-ab88b-deve-ter-contraste-adequado-chromium-desktop\video.webm]]

[[ATTACHMENT|..\test-results\accessibility-Testes-de-Ac-ab88b-deve-ter-contraste-adequado-chromium-desktop\error-context.md]]
]]>
</system-out>
<system-err>
<![CDATA[⚠️ Login automático falhou, continuando sem autenticação
]]>
</system-err>
</testcase>
<testcase name="Testes de Acessibilidade - KorLab Nutri › deve ter labels e ARIA adequados" classname="accessibility.spec.cjs" time="34.361">
<failure message="accessibility.spec.cjs:120:3 deve ter labels e ARIA adequados" type="FAILURE">
<![CDATA[  [chromium-desktop] › accessibility.spec.cjs:120:3 › Testes de Acessibilidade - KorLab Nutri › deve ter labels e ARIA adequados 

    Test timeout of 30000ms exceeded while running "beforeEach" hook.

      31 |   let accessibilityHelper;
      32 |
    > 33 |   test.beforeEach(async ({ page }) => {
         |        ^
      34 |     accessibilityHelper = new AccessibilityHelper(page);
      35 |     
      36 |     // Fazer login antes dos testes
        at C:\Users\PC\Desktop\KORLAB\craft-niche-pro\tests\visual\specs\accessibility.spec.cjs:33:8

    attachment #1: screenshot (image/png) ──────────────────────────────────────────────────────────
    ..\reports\test-results\accessibility-Testes-de-Ac-607a4-ter-labels-e-ARIA-adequados-chromium-desktop\test-failed-1.png
    ────────────────────────────────────────────────────────────────────────────────────────────────

    attachment #2: video (video/webm) ──────────────────────────────────────────────────────────────
    ..\reports\test-results\accessibility-Testes-de-Ac-607a4-ter-labels-e-ARIA-adequados-chromium-desktop\video.webm
    ────────────────────────────────────────────────────────────────────────────────────────────────

    Error Context: ..\reports\test-results\accessibility-Testes-de-Ac-607a4-ter-labels-e-ARIA-adequados-chromium-desktop\error-context.md
]]>
</failure>
<system-out>
<![CDATA[
[[ATTACHMENT|..\test-results\accessibility-Testes-de-Ac-607a4-ter-labels-e-ARIA-adequados-chromium-desktop\test-failed-1.png]]

[[ATTACHMENT|..\test-results\accessibility-Testes-de-Ac-607a4-ter-labels-e-ARIA-adequados-chromium-desktop\video.webm]]

[[ATTACHMENT|..\test-results\accessibility-Testes-de-Ac-607a4-ter-labels-e-ARIA-adequados-chromium-desktop\error-context.md]]
]]>
</system-out>
<system-err>
<![CDATA[⚠️ Login automático falhou, continuando sem autenticação
]]>
</system-err>
</testcase>
<testcase name="Testes de Acessibilidade - KorLab Nutri › deve ter estrutura de headings válida" classname="accessibility.spec.cjs" time="34.411">
<failure message="accessibility.spec.cjs:139:3 deve ter estrutura de headings válida" type="FAILURE">
<![CDATA[  [chromium-desktop] › accessibility.spec.cjs:139:3 › Testes de Acessibilidade - KorLab Nutri › deve ter estrutura de headings válida 

    Test timeout of 30000ms exceeded while running "beforeEach" hook.

      31 |   let accessibilityHelper;
      32 |
    > 33 |   test.beforeEach(async ({ page }) => {
         |        ^
      34 |     accessibilityHelper = new AccessibilityHelper(page);
      35 |     
      36 |     // Fazer login antes dos testes
        at C:\Users\PC\Desktop\KORLAB\craft-niche-pro\tests\visual\specs\accessibility.spec.cjs:33:8

    attachment #1: screenshot (image/png) ──────────────────────────────────────────────────────────
    ..\reports\test-results\accessibility-Testes-de-Ac-d6300-strutura-de-headings-válida-chromium-desktop\test-failed-1.png
    ────────────────────────────────────────────────────────────────────────────────────────────────

    attachment #2: video (video/webm) ──────────────────────────────────────────────────────────────
    ..\reports\test-results\accessibility-Testes-de-Ac-d6300-strutura-de-headings-válida-chromium-desktop\video.webm
    ────────────────────────────────────────────────────────────────────────────────────────────────

    Error Context: ..\reports\test-results\accessibility-Testes-de-Ac-d6300-strutura-de-headings-válida-chromium-desktop\error-context.md
]]>
</failure>
<system-out>
<![CDATA[
[[ATTACHMENT|..\test-results\accessibility-Testes-de-Ac-d6300-strutura-de-headings-válida-chromium-desktop\test-failed-1.png]]

[[ATTACHMENT|..\test-results\accessibility-Testes-de-Ac-d6300-strutura-de-headings-válida-chromium-desktop\video.webm]]

[[ATTACHMENT|..\test-results\accessibility-Testes-de-Ac-d6300-strutura-de-headings-válida-chromium-desktop\error-context.md]]
]]>
</system-out>
<system-err>
<![CDATA[⚠️ Login automático falhou, continuando sem autenticação
]]>
</system-err>
</testcase>
<testcase name="Testes de Acessibilidade - KorLab Nutri › deve passar auditoria completa de acessibilidade" classname="accessibility.spec.cjs" time="34.374">
<failure message="accessibility.spec.cjs:156:3 deve passar auditoria completa de acessibilidade" type="FAILURE">
<![CDATA[  [chromium-desktop] › accessibility.spec.cjs:156:3 › Testes de Acessibilidade - KorLab Nutri › deve passar auditoria completa de acessibilidade 

    Test timeout of 30000ms exceeded while running "beforeEach" hook.

      31 |   let accessibilityHelper;
      32 |
    > 33 |   test.beforeEach(async ({ page }) => {
         |        ^
      34 |     accessibilityHelper = new AccessibilityHelper(page);
      35 |     
      36 |     // Fazer login antes dos testes
        at C:\Users\PC\Desktop\KORLAB\craft-niche-pro\tests\visual\specs\accessibility.spec.cjs:33:8

    attachment #1: screenshot (image/png) ──────────────────────────────────────────────────────────
    ..\reports\test-results\accessibility-Testes-de-Ac-63d24--completa-de-acessibilidade-chromium-desktop\test-failed-1.png
    ────────────────────────────────────────────────────────────────────────────────────────────────

    attachment #2: video (video/webm) ──────────────────────────────────────────────────────────────
    ..\reports\test-results\accessibility-Testes-de-Ac-63d24--completa-de-acessibilidade-chromium-desktop\video.webm
    ────────────────────────────────────────────────────────────────────────────────────────────────

    Error Context: ..\reports\test-results\accessibility-Testes-de-Ac-63d24--completa-de-acessibilidade-chromium-desktop\error-context.md
]]>
</failure>
<system-out>
<![CDATA[
[[ATTACHMENT|..\test-results\accessibility-Testes-de-Ac-63d24--completa-de-acessibilidade-chromium-desktop\test-failed-1.png]]

[[ATTACHMENT|..\test-results\accessibility-Testes-de-Ac-63d24--completa-de-acessibilidade-chromium-desktop\video.webm]]

[[ATTACHMENT|..\test-results\accessibility-Testes-de-Ac-63d24--completa-de-acessibilidade-chromium-desktop\error-context.md]]
]]>
</system-out>
<system-err>
<![CDATA[⚠️ Login automático falhou, continuando sem autenticação
]]>
</system-err>
</testcase>
<testcase name="Testes de Acessibilidade - KorLab Nutri › deve manter acessibilidade em diferentes viewports" classname="accessibility.spec.cjs" time="34.462">
<failure message="accessibility.spec.cjs:179:3 deve manter acessibilidade em diferentes viewports" type="FAILURE">
<![CDATA[  [chromium-desktop] › accessibility.spec.cjs:179:3 › Testes de Acessibilidade - KorLab Nutri › deve manter acessibilidade em diferentes viewports 

    Test timeout of 30000ms exceeded while running "beforeEach" hook.

      31 |   let accessibilityHelper;
      32 |
    > 33 |   test.beforeEach(async ({ page }) => {
         |        ^
      34 |     accessibilityHelper = new AccessibilityHelper(page);
      35 |     
      36 |     // Fazer login antes dos testes
        at C:\Users\PC\Desktop\KORLAB\craft-niche-pro\tests\visual\specs\accessibility.spec.cjs:33:8

    attachment #1: screenshot (image/png) ──────────────────────────────────────────────────────────
    ..\reports\test-results\accessibility-Testes-de-Ac-e7fde-ade-em-diferentes-viewports-chromium-desktop\test-failed-1.png
    ────────────────────────────────────────────────────────────────────────────────────────────────

    attachment #2: video (video/webm) ──────────────────────────────────────────────────────────────
    ..\reports\test-results\accessibility-Testes-de-Ac-e7fde-ade-em-diferentes-viewports-chromium-desktop\video.webm
    ────────────────────────────────────────────────────────────────────────────────────────────────

    Error Context: ..\reports\test-results\accessibility-Testes-de-Ac-e7fde-ade-em-diferentes-viewports-chromium-desktop\error-context.md
]]>
</failure>
<system-out>
<![CDATA[
[[ATTACHMENT|..\test-results\accessibility-Testes-de-Ac-e7fde-ade-em-diferentes-viewports-chromium-desktop\test-failed-1.png]]

[[ATTACHMENT|..\test-results\accessibility-Testes-de-Ac-e7fde-ade-em-diferentes-viewports-chromium-desktop\video.webm]]

[[ATTACHMENT|..\test-results\accessibility-Testes-de-Ac-e7fde-ade-em-diferentes-viewports-chromium-desktop\error-context.md]]
]]>
</system-out>
<system-err>
<![CDATA[⚠️ Login automático falhou, continuando sem autenticação
]]>
</system-err>
</testcase>
<testcase name="Testes de Acessibilidade - KorLab Nutri › deve ter indicadores de foco visíveis" classname="accessibility.spec.cjs" time="34.555">
<failure message="accessibility.spec.cjs:212:3 deve ter indicadores de foco visíveis" type="FAILURE">
<![CDATA[  [chromium-desktop] › accessibility.spec.cjs:212:3 › Testes de Acessibilidade - KorLab Nutri › deve ter indicadores de foco visíveis 

    Test timeout of 30000ms exceeded while running "beforeEach" hook.

      31 |   let accessibilityHelper;
      32 |
    > 33 |   test.beforeEach(async ({ page }) => {
         |        ^
      34 |     accessibilityHelper = new AccessibilityHelper(page);
      35 |     
      36 |     // Fazer login antes dos testes
        at C:\Users\PC\Desktop\KORLAB\craft-niche-pro\tests\visual\specs\accessibility.spec.cjs:33:8

    attachment #1: screenshot (image/png) ──────────────────────────────────────────────────────────
    ..\reports\test-results\accessibility-Testes-de-Ac-016eb-ndicadores-de-foco-visíveis-chromium-desktop\test-failed-1.png
    ────────────────────────────────────────────────────────────────────────────────────────────────

    attachment #2: video (video/webm) ──────────────────────────────────────────────────────────────
    ..\reports\test-results\accessibility-Testes-de-Ac-016eb-ndicadores-de-foco-visíveis-chromium-desktop\video.webm
    ────────────────────────────────────────────────────────────────────────────────────────────────

    Error Context: ..\reports\test-results\accessibility-Testes-de-Ac-016eb-ndicadores-de-foco-visíveis-chromium-desktop\error-context.md
]]>
</failure>
<system-out>
<![CDATA[
[[ATTACHMENT|..\test-results\accessibility-Testes-de-Ac-016eb-ndicadores-de-foco-visíveis-chromium-desktop\test-failed-1.png]]

[[ATTACHMENT|..\test-results\accessibility-Testes-de-Ac-016eb-ndicadores-de-foco-visíveis-chromium-desktop\video.webm]]

[[ATTACHMENT|..\test-results\accessibility-Testes-de-Ac-016eb-ndicadores-de-foco-visíveis-chromium-desktop\error-context.md]]
]]>
</system-out>
<system-err>
<![CDATA[⚠️ Login automático falhou, continuando sem autenticação
]]>
</system-err>
</testcase>
<testcase name="Testes de Acessibilidade - KorLab Nutri › deve ter textos alternativos em imagens" classname="accessibility.spec.cjs" time="34.565">
<failure message="accessibility.spec.cjs:249:3 deve ter textos alternativos em imagens" type="FAILURE">
<![CDATA[  [chromium-desktop] › accessibility.spec.cjs:249:3 › Testes de Acessibilidade - KorLab Nutri › deve ter textos alternativos em imagens 

    Test timeout of 30000ms exceeded while running "beforeEach" hook.

      31 |   let accessibilityHelper;
      32 |
    > 33 |   test.beforeEach(async ({ page }) => {
         |        ^
      34 |     accessibilityHelper = new AccessibilityHelper(page);
      35 |     
      36 |     // Fazer login antes dos testes
        at C:\Users\PC\Desktop\KORLAB\craft-niche-pro\tests\visual\specs\accessibility.spec.cjs:33:8

    attachment #1: screenshot (image/png) ──────────────────────────────────────────────────────────
    ..\reports\test-results\accessibility-Testes-de-Ac-79c23-tos-alternativos-em-imagens-chromium-desktop\test-failed-1.png
    ────────────────────────────────────────────────────────────────────────────────────────────────

    attachment #2: video (video/webm) ──────────────────────────────────────────────────────────────
    ..\reports\test-results\accessibility-Testes-de-Ac-79c23-tos-alternativos-em-imagens-chromium-desktop\video.webm
    ────────────────────────────────────────────────────────────────────────────────────────────────

    Error Context: ..\reports\test-results\accessibility-Testes-de-Ac-79c23-tos-alternativos-em-imagens-chromium-desktop\error-context.md
]]>
</failure>
<system-out>
<![CDATA[
[[ATTACHMENT|..\test-results\accessibility-Testes-de-Ac-79c23-tos-alternativos-em-imagens-chromium-desktop\test-failed-1.png]]

[[ATTACHMENT|..\test-results\accessibility-Testes-de-Ac-79c23-tos-alternativos-em-imagens-chromium-desktop\video.webm]]

[[ATTACHMENT|..\test-results\accessibility-Testes-de-Ac-79c23-tos-alternativos-em-imagens-chromium-desktop\error-context.md]]
]]>
</system-out>
<system-err>
<![CDATA[⚠️ Login automático falhou, continuando sem autenticação
]]>
</system-err>
</testcase>
<testcase name="Testes de Acessibilidade - KorLab Nutri › deve ter links acessíveis" classname="accessibility.spec.cjs" time="34.601">
<failure message="accessibility.spec.cjs:278:3 deve ter links acessíveis" type="FAILURE">
<![CDATA[  [chromium-desktop] › accessibility.spec.cjs:278:3 › Testes de Acessibilidade - KorLab Nutri › deve ter links acessíveis 

    Test timeout of 30000ms exceeded while running "beforeEach" hook.

      31 |   let accessibilityHelper;
      32 |
    > 33 |   test.beforeEach(async ({ page }) => {
         |        ^
      34 |     accessibilityHelper = new AccessibilityHelper(page);
      35 |     
      36 |     // Fazer login antes dos testes
        at C:\Users\PC\Desktop\KORLAB\craft-niche-pro\tests\visual\specs\accessibility.spec.cjs:33:8

    attachment #1: screenshot (image/png) ──────────────────────────────────────────────────────────
    ..\reports\test-results\accessibility-Testes-de-Ac-d643c-i-deve-ter-links-acessíveis-chromium-desktop\test-failed-1.png
    ────────────────────────────────────────────────────────────────────────────────────────────────

    attachment #2: video (video/webm) ──────────────────────────────────────────────────────────────
    ..\reports\test-results\accessibility-Testes-de-Ac-d643c-i-deve-ter-links-acessíveis-chromium-desktop\video.webm
    ────────────────────────────────────────────────────────────────────────────────────────────────

    Error Context: ..\reports\test-results\accessibility-Testes-de-Ac-d643c-i-deve-ter-links-acessíveis-chromium-desktop\error-context.md
]]>
</failure>
<system-out>
<![CDATA[
[[ATTACHMENT|..\test-results\accessibility-Testes-de-Ac-d643c-i-deve-ter-links-acessíveis-chromium-desktop\test-failed-1.png]]

[[ATTACHMENT|..\test-results\accessibility-Testes-de-Ac-d643c-i-deve-ter-links-acessíveis-chromium-desktop\video.webm]]

[[ATTACHMENT|..\test-results\accessibility-Testes-de-Ac-d643c-i-deve-ter-links-acessíveis-chromium-desktop\error-context.md]]
]]>
</system-out>
<system-err>
<![CDATA[⚠️ Login automático falhou, continuando sem autenticação
]]>
</system-err>
</testcase>
</testsuite>
<testsuite name="accessibility.spec.cjs" timestamp="2025-10-07T10:51:00.544Z" hostname="firefox-desktop" tests="26" failures="26" skipped="0" time="813.207" errors="0">
<testcase name="Testes de Acessibilidade - KorLab Nutri › deve passar auditoria de acessibilidade em dashboard" classname="accessibility.spec.cjs" time="30.668">
<failure message="accessibility.spec.cjs:52:5 deve passar auditoria de acessibilidade em dashboard" type="FAILURE">
<![CDATA[  [firefox-desktop] › accessibility.spec.cjs:52:5 › Testes de Acessibilidade - KorLab Nutri › deve passar auditoria de acessibilidade em dashboard 

    Test timeout of 30000ms exceeded while running "beforeEach" hook.

      31 |   let accessibilityHelper;
      32 |
    > 33 |   test.beforeEach(async ({ page }) => {
         |        ^
      34 |     accessibilityHelper = new AccessibilityHelper(page);
      35 |     
      36 |     // Fazer login antes dos testes
        at C:\Users\PC\Desktop\KORLAB\craft-niche-pro\tests\visual\specs\accessibility.spec.cjs:33:8

    attachment #1: screenshot (image/png) ──────────────────────────────────────────────────────────
    ..\reports\test-results\accessibility-Testes-de-Ac-531a7-acessibilidade-em-dashboard-firefox-desktop\test-failed-1.png
    ────────────────────────────────────────────────────────────────────────────────────────────────

    attachment #2: video (video/webm) ──────────────────────────────────────────────────────────────
    ..\reports\test-results\accessibility-Testes-de-Ac-531a7-acessibilidade-em-dashboard-firefox-desktop\video.webm
    ────────────────────────────────────────────────────────────────────────────────────────────────

    Error Context: ..\reports\test-results\accessibility-Testes-de-Ac-531a7-acessibilidade-em-dashboard-firefox-desktop\error-context.md
]]>
</failure>
<system-out>
<![CDATA[
[[ATTACHMENT|..\test-results\accessibility-Testes-de-Ac-531a7-acessibilidade-em-dashboard-firefox-desktop\test-failed-1.png]]

[[ATTACHMENT|..\test-results\accessibility-Testes-de-Ac-531a7-acessibilidade-em-dashboard-firefox-desktop\video.webm]]

[[ATTACHMENT|..\test-results\accessibility-Testes-de-Ac-531a7-acessibilidade-em-dashboard-firefox-desktop\error-context.md]]
]]>
</system-out>
<system-err>
<![CDATA[⚠️ Login automático falhou, continuando sem autenticação
]]>
</system-err>
</testcase>
<testcase name="Testes de Acessibilidade - KorLab Nutri › deve passar auditoria de acessibilidade em clientes" classname="accessibility.spec.cjs" time="30.352">
<failure message="accessibility.spec.cjs:52:5 deve passar auditoria de acessibilidade em clientes" type="FAILURE">
<![CDATA[  [firefox-desktop] › accessibility.spec.cjs:52:5 › Testes de Acessibilidade - KorLab Nutri › deve passar auditoria de acessibilidade em clientes 

    Test timeout of 30000ms exceeded while running "beforeEach" hook.

      31 |   let accessibilityHelper;
      32 |
    > 33 |   test.beforeEach(async ({ page }) => {
         |        ^
      34 |     accessibilityHelper = new AccessibilityHelper(page);
      35 |     
      36 |     // Fazer login antes dos testes
        at C:\Users\PC\Desktop\KORLAB\craft-niche-pro\tests\visual\specs\accessibility.spec.cjs:33:8

    attachment #1: screenshot (image/png) ──────────────────────────────────────────────────────────
    ..\reports\test-results\accessibility-Testes-de-Ac-77a32--acessibilidade-em-clientes-firefox-desktop\test-failed-1.png
    ────────────────────────────────────────────────────────────────────────────────────────────────

    attachment #2: video (video/webm) ──────────────────────────────────────────────────────────────
    ..\reports\test-results\accessibility-Testes-de-Ac-77a32--acessibilidade-em-clientes-firefox-desktop\video.webm
    ────────────────────────────────────────────────────────────────────────────────────────────────

    Error Context: ..\reports\test-results\accessibility-Testes-de-Ac-77a32--acessibilidade-em-clientes-firefox-desktop\error-context.md
]]>
</failure>
<system-out>
<![CDATA[
[[ATTACHMENT|..\test-results\accessibility-Testes-de-Ac-77a32--acessibilidade-em-clientes-firefox-desktop\test-failed-1.png]]

[[ATTACHMENT|..\test-results\accessibility-Testes-de-Ac-77a32--acessibilidade-em-clientes-firefox-desktop\video.webm]]

[[ATTACHMENT|..\test-results\accessibility-Testes-de-Ac-77a32--acessibilidade-em-clientes-firefox-desktop\error-context.md]]
]]>
</system-out>
<system-err>
<![CDATA[⚠️ Login automático falhou, continuando sem autenticação
]]>
</system-err>
</testcase>
<testcase name="Testes de Acessibilidade - KorLab Nutri › deve passar auditoria de acessibilidade em leads" classname="accessibility.spec.cjs" time="30.324">
<failure message="accessibility.spec.cjs:52:5 deve passar auditoria de acessibilidade em leads" type="FAILURE">
<![CDATA[  [firefox-desktop] › accessibility.spec.cjs:52:5 › Testes de Acessibilidade - KorLab Nutri › deve passar auditoria de acessibilidade em leads 

    Test timeout of 30000ms exceeded while running "beforeEach" hook.

      31 |   let accessibilityHelper;
      32 |
    > 33 |   test.beforeEach(async ({ page }) => {
         |        ^
      34 |     accessibilityHelper = new AccessibilityHelper(page);
      35 |     
      36 |     // Fazer login antes dos testes
        at C:\Users\PC\Desktop\KORLAB\craft-niche-pro\tests\visual\specs\accessibility.spec.cjs:33:8

    attachment #1: screenshot (image/png) ──────────────────────────────────────────────────────────
    ..\reports\test-results\accessibility-Testes-de-Ac-4a060--de-acessibilidade-em-leads-firefox-desktop\test-failed-1.png
    ────────────────────────────────────────────────────────────────────────────────────────────────

    attachment #2: video (video/webm) ──────────────────────────────────────────────────────────────
    ..\reports\test-results\accessibility-Testes-de-Ac-4a060--de-acessibilidade-em-leads-firefox-desktop\video.webm
    ────────────────────────────────────────────────────────────────────────────────────────────────

    Error Context: ..\reports\test-results\accessibility-Testes-de-Ac-4a060--de-acessibilidade-em-leads-firefox-desktop\error-context.md
]]>
</failure>
<system-out>
<![CDATA[
[[ATTACHMENT|..\test-results\accessibility-Testes-de-Ac-4a060--de-acessibilidade-em-leads-firefox-desktop\test-failed-1.png]]

[[ATTACHMENT|..\test-results\accessibility-Testes-de-Ac-4a060--de-acessibilidade-em-leads-firefox-desktop\video.webm]]

[[ATTACHMENT|..\test-results\accessibility-Testes-de-Ac-4a060--de-acessibilidade-em-leads-firefox-desktop\error-context.md]]
]]>
</system-out>
<system-err>
<![CDATA[⚠️ Login automático falhou, continuando sem autenticação
]]>
</system-err>
</testcase>
<testcase name="Testes de Acessibilidade - KorLab Nutri › deve passar auditoria de acessibilidade em agendamentos" classname="accessibility.spec.cjs" time="30.37">
<failure message="accessibility.spec.cjs:52:5 deve passar auditoria de acessibilidade em agendamentos" type="FAILURE">
<![CDATA[  [firefox-desktop] › accessibility.spec.cjs:52:5 › Testes de Acessibilidade - KorLab Nutri › deve passar auditoria de acessibilidade em agendamentos 

    Test timeout of 30000ms exceeded while running "beforeEach" hook.

      31 |   let accessibilityHelper;
      32 |
    > 33 |   test.beforeEach(async ({ page }) => {
         |        ^
      34 |     accessibilityHelper = new AccessibilityHelper(page);
      35 |     
      36 |     // Fazer login antes dos testes
        at C:\Users\PC\Desktop\KORLAB\craft-niche-pro\tests\visual\specs\accessibility.spec.cjs:33:8

    attachment #1: screenshot (image/png) ──────────────────────────────────────────────────────────
    ..\reports\test-results\accessibility-Testes-de-Ac-2d44f-ssibilidade-em-agendamentos-firefox-desktop\test-failed-1.png
    ────────────────────────────────────────────────────────────────────────────────────────────────

    attachment #2: video (video/webm) ──────────────────────────────────────────────────────────────
    ..\reports\test-results\accessibility-Testes-de-Ac-2d44f-ssibilidade-em-agendamentos-firefox-desktop\video.webm
    ────────────────────────────────────────────────────────────────────────────────────────────────

    Error Context: ..\reports\test-results\accessibility-Testes-de-Ac-2d44f-ssibilidade-em-agendamentos-firefox-desktop\error-context.md
]]>
</failure>
<system-out>
<![CDATA[
[[ATTACHMENT|..\test-results\accessibility-Testes-de-Ac-2d44f-ssibilidade-em-agendamentos-firefox-desktop\test-failed-1.png]]

[[ATTACHMENT|..\test-results\accessibility-Testes-de-Ac-2d44f-ssibilidade-em-agendamentos-firefox-desktop\video.webm]]

[[ATTACHMENT|..\test-results\accessibility-Testes-de-Ac-2d44f-ssibilidade-em-agendamentos-firefox-desktop\error-context.md]]
]]>
</system-out>
<system-err>
<![CDATA[⚠️ Login automático falhou, continuando sem autenticação
]]>
</system-err>
</testcase>
<testcase name="Testes de Acessibilidade - KorLab Nutri › deve passar auditoria de acessibilidade em planos-alimentares" classname="accessibility.spec.cjs" time="30.263">
<failure message="accessibility.spec.cjs:52:5 deve passar auditoria de acessibilidade em planos-alimentares" type="FAILURE">
<![CDATA[  [firefox-desktop] › accessibility.spec.cjs:52:5 › Testes de Acessibilidade - KorLab Nutri › deve passar auditoria de acessibilidade em planos-alimentares 

    Test timeout of 30000ms exceeded while running "beforeEach" hook.

      31 |   let accessibilityHelper;
      32 |
    > 33 |   test.beforeEach(async ({ page }) => {
         |        ^
      34 |     accessibilityHelper = new AccessibilityHelper(page);
      35 |     
      36 |     // Fazer login antes dos testes
        at C:\Users\PC\Desktop\KORLAB\craft-niche-pro\tests\visual\specs\accessibility.spec.cjs:33:8

    attachment #1: screenshot (image/png) ──────────────────────────────────────────────────────────
    ..\reports\test-results\accessibility-Testes-de-Ac-07449-idade-em-planos-alimentares-firefox-desktop\test-failed-1.png
    ────────────────────────────────────────────────────────────────────────────────────────────────

    attachment #2: video (video/webm) ──────────────────────────────────────────────────────────────
    ..\reports\test-results\accessibility-Testes-de-Ac-07449-idade-em-planos-alimentares-firefox-desktop\video.webm
    ────────────────────────────────────────────────────────────────────────────────────────────────

    Error Context: ..\reports\test-results\accessibility-Testes-de-Ac-07449-idade-em-planos-alimentares-firefox-desktop\error-context.md
]]>
</failure>
<system-out>
<![CDATA[
[[ATTACHMENT|..\test-results\accessibility-Testes-de-Ac-07449-idade-em-planos-alimentares-firefox-desktop\test-failed-1.png]]

[[ATTACHMENT|..\test-results\accessibility-Testes-de-Ac-07449-idade-em-planos-alimentares-firefox-desktop\video.webm]]

[[ATTACHMENT|..\test-results\accessibility-Testes-de-Ac-07449-idade-em-planos-alimentares-firefox-desktop\error-context.md]]
]]>
</system-out>
<system-err>
<![CDATA[⚠️ Login automático falhou, continuando sem autenticação
]]>
</system-err>
</testcase>
<testcase name="Testes de Acessibilidade - KorLab Nutri › deve passar auditoria de acessibilidade em questionarios" classname="accessibility.spec.cjs" time="30.367">
<failure message="accessibility.spec.cjs:52:5 deve passar auditoria de acessibilidade em questionarios" type="FAILURE">
<![CDATA[  [firefox-desktop] › accessibility.spec.cjs:52:5 › Testes de Acessibilidade - KorLab Nutri › deve passar auditoria de acessibilidade em questionarios 

    Test timeout of 30000ms exceeded while running "beforeEach" hook.

      31 |   let accessibilityHelper;
      32 |
    > 33 |   test.beforeEach(async ({ page }) => {
         |        ^
      34 |     accessibilityHelper = new AccessibilityHelper(page);
      35 |     
      36 |     // Fazer login antes dos testes
        at C:\Users\PC\Desktop\KORLAB\craft-niche-pro\tests\visual\specs\accessibility.spec.cjs:33:8

    attachment #1: screenshot (image/png) ──────────────────────────────────────────────────────────
    ..\reports\test-results\accessibility-Testes-de-Ac-78131-sibilidade-em-questionarios-firefox-desktop\test-failed-1.png
    ────────────────────────────────────────────────────────────────────────────────────────────────

    attachment #2: video (video/webm) ──────────────────────────────────────────────────────────────
    ..\reports\test-results\accessibility-Testes-de-Ac-78131-sibilidade-em-questionarios-firefox-desktop\video.webm
    ────────────────────────────────────────────────────────────────────────────────────────────────

    Error Context: ..\reports\test-results\accessibility-Testes-de-Ac-78131-sibilidade-em-questionarios-firefox-desktop\error-context.md
]]>
</failure>
<system-out>
<![CDATA[
[[ATTACHMENT|..\test-results\accessibility-Testes-de-Ac-78131-sibilidade-em-questionarios-firefox-desktop\test-failed-1.png]]

[[ATTACHMENT|..\test-results\accessibility-Testes-de-Ac-78131-sibilidade-em-questionarios-firefox-desktop\video.webm]]

[[ATTACHMENT|..\test-results\accessibility-Testes-de-Ac-78131-sibilidade-em-questionarios-firefox-desktop\error-context.md]]
]]>
</system-out>
<system-err>
<![CDATA[⚠️ Login automático falhou, continuando sem autenticação
]]>
</system-err>
</testcase>
<testcase name="Testes de Acessibilidade - KorLab Nutri › deve passar auditoria de acessibilidade em questionarios-builder" classname="accessibility.spec.cjs" time="30.218">
<failure message="accessibility.spec.cjs:52:5 deve passar auditoria de acessibilidade em questionarios-builder" type="FAILURE">
<![CDATA[  [firefox-desktop] › accessibility.spec.cjs:52:5 › Testes de Acessibilidade - KorLab Nutri › deve passar auditoria de acessibilidade em questionarios-builder 

    Test timeout of 30000ms exceeded while running "beforeEach" hook.

      31 |   let accessibilityHelper;
      32 |
    > 33 |   test.beforeEach(async ({ page }) => {
         |        ^
      34 |     accessibilityHelper = new AccessibilityHelper(page);
      35 |     
      36 |     // Fazer login antes dos testes
        at C:\Users\PC\Desktop\KORLAB\craft-niche-pro\tests\visual\specs\accessibility.spec.cjs:33:8

    attachment #1: screenshot (image/png) ──────────────────────────────────────────────────────────
    ..\reports\test-results\accessibility-Testes-de-Ac-ce509-de-em-questionarios-builder-firefox-desktop\test-failed-1.png
    ────────────────────────────────────────────────────────────────────────────────────────────────

    attachment #2: video (video/webm) ──────────────────────────────────────────────────────────────
    ..\reports\test-results\accessibility-Testes-de-Ac-ce509-de-em-questionarios-builder-firefox-desktop\video.webm
    ────────────────────────────────────────────────────────────────────────────────────────────────

    Error Context: ..\reports\test-results\accessibility-Testes-de-Ac-ce509-de-em-questionarios-builder-firefox-desktop\error-context.md
]]>
</failure>
<system-out>
<![CDATA[
[[ATTACHMENT|..\test-results\accessibility-Testes-de-Ac-ce509-de-em-questionarios-builder-firefox-desktop\test-failed-1.png]]

[[ATTACHMENT|..\test-results\accessibility-Testes-de-Ac-ce509-de-em-questionarios-builder-firefox-desktop\video.webm]]

[[ATTACHMENT|..\test-results\accessibility-Testes-de-Ac-ce509-de-em-questionarios-builder-firefox-desktop\error-context.md]]
]]>
</system-out>
<system-err>
<![CDATA[⚠️ Login automático falhou, continuando sem autenticação
]]>
</system-err>
</testcase>
<testcase name="Testes de Acessibilidade - KorLab Nutri › deve passar auditoria de acessibilidade em recordatorio" classname="accessibility.spec.cjs" time="30.169">
<failure message="accessibility.spec.cjs:52:5 deve passar auditoria de acessibilidade em recordatorio" type="FAILURE">
<![CDATA[  [firefox-desktop] › accessibility.spec.cjs:52:5 › Testes de Acessibilidade - KorLab Nutri › deve passar auditoria de acessibilidade em recordatorio 

    Test timeout of 30000ms exceeded while running "beforeEach" hook.

      31 |   let accessibilityHelper;
      32 |
    > 33 |   test.beforeEach(async ({ page }) => {
         |        ^
      34 |     accessibilityHelper = new AccessibilityHelper(page);
      35 |     
      36 |     // Fazer login antes dos testes
        at C:\Users\PC\Desktop\KORLAB\craft-niche-pro\tests\visual\specs\accessibility.spec.cjs:33:8

    attachment #1: screenshot (image/png) ──────────────────────────────────────────────────────────
    ..\reports\test-results\accessibility-Testes-de-Ac-8d2ba-ssibilidade-em-recordatorio-firefox-desktop\test-failed-1.png
    ────────────────────────────────────────────────────────────────────────────────────────────────

    attachment #2: video (video/webm) ──────────────────────────────────────────────────────────────
    ..\reports\test-results\accessibility-Testes-de-Ac-8d2ba-ssibilidade-em-recordatorio-firefox-desktop\video.webm
    ────────────────────────────────────────────────────────────────────────────────────────────────

    Error Context: ..\reports\test-results\accessibility-Testes-de-Ac-8d2ba-ssibilidade-em-recordatorio-firefox-desktop\error-context.md
]]>
</failure>
<system-out>
<![CDATA[
[[ATTACHMENT|..\test-results\accessibility-Testes-de-Ac-8d2ba-ssibilidade-em-recordatorio-firefox-desktop\test-failed-1.png]]

[[ATTACHMENT|..\test-results\accessibility-Testes-de-Ac-8d2ba-ssibilidade-em-recordatorio-firefox-desktop\video.webm]]

[[ATTACHMENT|..\test-results\accessibility-Testes-de-Ac-8d2ba-ssibilidade-em-recordatorio-firefox-desktop\error-context.md]]
]]>
</system-out>
<system-err>
<![CDATA[⚠️ Login automático falhou, continuando sem autenticação
]]>
</system-err>
</testcase>
<testcase name="Testes de Acessibilidade - KorLab Nutri › deve passar auditoria de acessibilidade em feedbacks" classname="accessibility.spec.cjs" time="34.345">
<failure message="accessibility.spec.cjs:52:5 deve passar auditoria de acessibilidade em feedbacks" type="FAILURE">
<![CDATA[  [firefox-desktop] › accessibility.spec.cjs:52:5 › Testes de Acessibilidade - KorLab Nutri › deve passar auditoria de acessibilidade em feedbacks 

    Test timeout of 30000ms exceeded while running "beforeEach" hook.

      31 |   let accessibilityHelper;
      32 |
    > 33 |   test.beforeEach(async ({ page }) => {
         |        ^
      34 |     accessibilityHelper = new AccessibilityHelper(page);
      35 |     
      36 |     // Fazer login antes dos testes
        at C:\Users\PC\Desktop\KORLAB\craft-niche-pro\tests\visual\specs\accessibility.spec.cjs:33:8

    attachment #1: screenshot (image/png) ──────────────────────────────────────────────────────────
    ..\reports\test-results\accessibility-Testes-de-Ac-9f180-acessibilidade-em-feedbacks-firefox-desktop\test-failed-1.png
    ────────────────────────────────────────────────────────────────────────────────────────────────

    attachment #2: video (video/webm) ──────────────────────────────────────────────────────────────
    ..\reports\test-results\accessibility-Testes-de-Ac-9f180-acessibilidade-em-feedbacks-firefox-desktop\video.webm
    ────────────────────────────────────────────────────────────────────────────────────────────────

    Error Context: ..\reports\test-results\accessibility-Testes-de-Ac-9f180-acessibilidade-em-feedbacks-firefox-desktop\error-context.md
]]>
</failure>
<system-out>
<![CDATA[
[[ATTACHMENT|..\test-results\accessibility-Testes-de-Ac-9f180-acessibilidade-em-feedbacks-firefox-desktop\test-failed-1.png]]

[[ATTACHMENT|..\test-results\accessibility-Testes-de-Ac-9f180-acessibilidade-em-feedbacks-firefox-desktop\video.webm]]

[[ATTACHMENT|..\test-results\accessibility-Testes-de-Ac-9f180-acessibilidade-em-feedbacks-firefox-desktop\error-context.md]]
]]>
</system-out>
<system-err>
<![CDATA[⚠️ Login automático falhou, continuando sem autenticação
]]>
</system-err>
</testcase>
<testcase name="Testes de Acessibilidade - KorLab Nutri › deve passar auditoria de acessibilidade em servicos" classname="accessibility.spec.cjs" time="34.199">
<failure message="accessibility.spec.cjs:52:5 deve passar auditoria de acessibilidade em servicos" type="FAILURE">
<![CDATA[  [firefox-desktop] › accessibility.spec.cjs:52:5 › Testes de Acessibilidade - KorLab Nutri › deve passar auditoria de acessibilidade em servicos 

    Test timeout of 30000ms exceeded while running "beforeEach" hook.

      31 |   let accessibilityHelper;
      32 |
    > 33 |   test.beforeEach(async ({ page }) => {
         |        ^
      34 |     accessibilityHelper = new AccessibilityHelper(page);
      35 |     
      36 |     // Fazer login antes dos testes
        at C:\Users\PC\Desktop\KORLAB\craft-niche-pro\tests\visual\specs\accessibility.spec.cjs:33:8

    attachment #1: screenshot (image/png) ──────────────────────────────────────────────────────────
    ..\reports\test-results\accessibility-Testes-de-Ac-0ed70--acessibilidade-em-servicos-firefox-desktop\test-failed-1.png
    ────────────────────────────────────────────────────────────────────────────────────────────────

    attachment #2: video (video/webm) ──────────────────────────────────────────────────────────────
    ..\reports\test-results\accessibility-Testes-de-Ac-0ed70--acessibilidade-em-servicos-firefox-desktop\video.webm
    ────────────────────────────────────────────────────────────────────────────────────────────────

    Error Context: ..\reports\test-results\accessibility-Testes-de-Ac-0ed70--acessibilidade-em-servicos-firefox-desktop\error-context.md
]]>
</failure>
<system-out>
<![CDATA[
[[ATTACHMENT|..\test-results\accessibility-Testes-de-Ac-0ed70--acessibilidade-em-servicos-firefox-desktop\test-failed-1.png]]

[[ATTACHMENT|..\test-results\accessibility-Testes-de-Ac-0ed70--acessibilidade-em-servicos-firefox-desktop\video.webm]]

[[ATTACHMENT|..\test-results\accessibility-Testes-de-Ac-0ed70--acessibilidade-em-servicos-firefox-desktop\error-context.md]]
]]>
</system-out>
<system-err>
<![CDATA[⚠️ Login automático falhou, continuando sem autenticação
]]>
</system-err>
</testcase>
<testcase name="Testes de Acessibilidade - KorLab Nutri › deve passar auditoria de acessibilidade em mensagens" classname="accessibility.spec.cjs" time="33.301">
<failure message="accessibility.spec.cjs:52:5 deve passar auditoria de acessibilidade em mensagens" type="FAILURE">
<![CDATA[  [firefox-desktop] › accessibility.spec.cjs:52:5 › Testes de Acessibilidade - KorLab Nutri › deve passar auditoria de acessibilidade em mensagens 

    Test timeout of 30000ms exceeded while running "beforeEach" hook.

      31 |   let accessibilityHelper;
      32 |
    > 33 |   test.beforeEach(async ({ page }) => {
         |        ^
      34 |     accessibilityHelper = new AccessibilityHelper(page);
      35 |     
      36 |     // Fazer login antes dos testes
        at C:\Users\PC\Desktop\KORLAB\craft-niche-pro\tests\visual\specs\accessibility.spec.cjs:33:8

    attachment #1: screenshot (image/png) ──────────────────────────────────────────────────────────
    ..\reports\test-results\accessibility-Testes-de-Ac-97352-acessibilidade-em-mensagens-firefox-desktop\test-failed-1.png
[...]

    Error Context: ..\reports\test-results\accessibility-Testes-de-Ac-4ef86-sibilidade-em-configuracoes-chromium-mobile\error-context.md
]]>
</failure>
<system-out>
<![CDATA[
[[ATTACHMENT|..\test-results\accessibility-Testes-de-Ac-4ef86-sibilidade-em-configuracoes-chromium-mobile\test-failed-1.png]]

[[ATTACHMENT|..\test-results\accessibility-Testes-de-Ac-4ef86-sibilidade-em-configuracoes-chromium-mobile\video.webm]]

[[ATTACHMENT|..\test-results\accessibility-Testes-de-Ac-4ef86-sibilidade-em-configuracoes-chromium-mobile\error-context.md]]
]]>
</system-out>
<system-err>
<![CDATA[⚠️ Login automático falhou, continuando sem autenticação
]]>
</system-err>
</testcase>
<testcase name="Testes de Acessibilidade - KorLab Nutri › deve suportar navegação por teclado" classname="accessibility.spec.cjs" time="30.235">
<failure message="accessibility.spec.cjs:90:3 deve suportar navegação por teclado" type="FAILURE">
<![CDATA[  [chromium-mobile] › accessibility.spec.cjs:90:3 › Testes de Acessibilidade - KorLab Nutri › deve suportar navegação por teclado 

    Test timeout of 30000ms exceeded while running "beforeEach" hook.

      31 |   let accessibilityHelper;
      32 |
    > 33 |   test.beforeEach(async ({ page }) => {
         |        ^
      34 |     accessibilityHelper = new AccessibilityHelper(page);
      35 |     
      36 |     // Fazer login antes dos testes
        at C:\Users\PC\Desktop\KORLAB\craft-niche-pro\tests\visual\specs\accessibility.spec.cjs:33:8

    attachment #1: screenshot (image/png) ──────────────────────────────────────────────────────────
    ..\reports\test-results\accessibility-Testes-de-Ac-135c0-ortar-navegação-por-teclado-chromium-mobile\test-failed-1.png
    ────────────────────────────────────────────────────────────────────────────────────────────────

    attachment #2: video (video/webm) ──────────────────────────────────────────────────────────────
    ..\reports\test-results\accessibility-Testes-de-Ac-135c0-ortar-navegação-por-teclado-chromium-mobile\video.webm
    ────────────────────────────────────────────────────────────────────────────────────────────────

    Error Context: ..\reports\test-results\accessibility-Testes-de-Ac-135c0-ortar-navegação-por-teclado-chromium-mobile\error-context.md
]]>
</failure>
<system-out>
<![CDATA[
[[ATTACHMENT|..\test-results\accessibility-Testes-de-Ac-135c0-ortar-navegação-por-teclado-chromium-mobile\test-failed-1.png]]

[[ATTACHMENT|..\test-results\accessibility-Testes-de-Ac-135c0-ortar-navegação-por-teclado-chromium-mobile\video.webm]]

[[ATTACHMENT|..\test-results\accessibility-Testes-de-Ac-135c0-ortar-navegação-por-teclado-chromium-mobile\error-context.md]]
]]>
</system-out>
<system-err>
<![CDATA[⚠️ Login automático falhou, continuando sem autenticação
]]>
</system-err>
</testcase>
<testcase name="Testes de Acessibilidade - KorLab Nutri › deve ter contraste adequado" classname="accessibility.spec.cjs" time="30.166">
<failure message="accessibility.spec.cjs:105:3 deve ter contraste adequado" type="FAILURE">
<![CDATA[  [chromium-mobile] › accessibility.spec.cjs:105:3 › Testes de Acessibilidade - KorLab Nutri › deve ter contraste adequado 

    Test timeout of 30000ms exceeded while running "beforeEach" hook.

      31 |   let accessibilityHelper;
      32 |
    > 33 |   test.beforeEach(async ({ page }) => {
         |        ^
      34 |     accessibilityHelper = new AccessibilityHelper(page);
      35 |     
      36 |     // Fazer login antes dos testes
        at C:\Users\PC\Desktop\KORLAB\craft-niche-pro\tests\visual\specs\accessibility.spec.cjs:33:8

    attachment #1: screenshot (image/png) ──────────────────────────────────────────────────────────
    ..\reports\test-results\accessibility-Testes-de-Ac-ab88b-deve-ter-contraste-adequado-chromium-mobile\test-failed-1.png
    ────────────────────────────────────────────────────────────────────────────────────────────────

    attachment #2: video (video/webm) ──────────────────────────────────────────────────────────────
    ..\reports\test-results\accessibility-Testes-de-Ac-ab88b-deve-ter-contraste-adequado-chromium-mobile\video.webm
    ────────────────────────────────────────────────────────────────────────────────────────────────

    Error Context: ..\reports\test-results\accessibility-Testes-de-Ac-ab88b-deve-ter-contraste-adequado-chromium-mobile\error-context.md
]]>
</failure>
<system-out>
<![CDATA[
[[ATTACHMENT|..\test-results\accessibility-Testes-de-Ac-ab88b-deve-ter-contraste-adequado-chromium-mobile\test-failed-1.png]]

[[ATTACHMENT|..\test-results\accessibility-Testes-de-Ac-ab88b-deve-ter-contraste-adequado-chromium-mobile\video.webm]]

[[ATTACHMENT|..\test-results\accessibility-Testes-de-Ac-ab88b-deve-ter-contraste-adequado-chromium-mobile\error-context.md]]
]]>
</system-out>
<system-err>
<![CDATA[⚠️ Login automático falhou, continuando sem autenticação
]]>
</system-err>
</testcase>
<testcase name="Testes de Acessibilidade - KorLab Nutri › deve ter labels e ARIA adequados" classname="accessibility.spec.cjs" time="30.176">
<failure message="accessibility.spec.cjs:120:3 deve ter labels e ARIA adequados" type="FAILURE">
<![CDATA[  [chromium-mobile] › accessibility.spec.cjs:120:3 › Testes de Acessibilidade - KorLab Nutri › deve ter labels e ARIA adequados 

    Test timeout of 30000ms exceeded while running "beforeEach" hook.

      31 |   let accessibilityHelper;
      32 |
    > 33 |   test.beforeEach(async ({ page }) => {
         |        ^
      34 |     accessibilityHelper = new AccessibilityHelper(page);
      35 |     
      36 |     // Fazer login antes dos testes
        at C:\Users\PC\Desktop\KORLAB\craft-niche-pro\tests\visual\specs\accessibility.spec.cjs:33:8

    attachment #1: screenshot (image/png) ──────────────────────────────────────────────────────────
    ..\reports\test-results\accessibility-Testes-de-Ac-607a4-ter-labels-e-ARIA-adequados-chromium-mobile\test-failed-1.png
    ────────────────────────────────────────────────────────────────────────────────────────────────

    attachment #2: video (video/webm) ──────────────────────────────────────────────────────────────
    ..\reports\test-results\accessibility-Testes-de-Ac-607a4-ter-labels-e-ARIA-adequados-chromium-mobile\video.webm
    ────────────────────────────────────────────────────────────────────────────────────────────────

    Error Context: ..\reports\test-results\accessibility-Testes-de-Ac-607a4-ter-labels-e-ARIA-adequados-chromium-mobile\error-context.md
]]>
</failure>
<system-out>
<![CDATA[
[[ATTACHMENT|..\test-results\accessibility-Testes-de-Ac-607a4-ter-labels-e-ARIA-adequados-chromium-mobile\test-failed-1.png]]

[[ATTACHMENT|..\test-results\accessibility-Testes-de-Ac-607a4-ter-labels-e-ARIA-adequados-chromium-mobile\video.webm]]

[[ATTACHMENT|..\test-results\accessibility-Testes-de-Ac-607a4-ter-labels-e-ARIA-adequados-chromium-mobile\error-context.md]]
]]>
</system-out>
<system-err>
<![CDATA[⚠️ Login automático falhou, continuando sem autenticação
]]>
</system-err>
</testcase>
<testcase name="Testes de Acessibilidade - KorLab Nutri › deve ter estrutura de headings válida" classname="accessibility.spec.cjs" time="30.166">
<failure message="accessibility.spec.cjs:139:3 deve ter estrutura de headings válida" type="FAILURE">
<![CDATA[  [chromium-mobile] › accessibility.spec.cjs:139:3 › Testes de Acessibilidade - KorLab Nutri › deve ter estrutura de headings válida 

    Test timeout of 30000ms exceeded while running "beforeEach" hook.

      31 |   let accessibilityHelper;
      32 |
    > 33 |   test.beforeEach(async ({ page }) => {
         |        ^
      34 |     accessibilityHelper = new AccessibilityHelper(page);
      35 |     
      36 |     // Fazer login antes dos testes
        at C:\Users\PC\Desktop\KORLAB\craft-niche-pro\tests\visual\specs\accessibility.spec.cjs:33:8

    attachment #1: screenshot (image/png) ──────────────────────────────────────────────────────────
    ..\reports\test-results\accessibility-Testes-de-Ac-d6300-strutura-de-headings-válida-chromium-mobile\test-failed-1.png
    ────────────────────────────────────────────────────────────────────────────────────────────────

    attachment #2: video (video/webm) ──────────────────────────────────────────────────────────────
    ..\reports\test-results\accessibility-Testes-de-Ac-d6300-strutura-de-headings-válida-chromium-mobile\video.webm
    ────────────────────────────────────────────────────────────────────────────────────────────────

    Error Context: ..\reports\test-results\accessibility-Testes-de-Ac-d6300-strutura-de-headings-válida-chromium-mobile\error-context.md
]]>
</failure>
<system-out>
<![CDATA[
[[ATTACHMENT|..\test-results\accessibility-Testes-de-Ac-d6300-strutura-de-headings-válida-chromium-mobile\test-failed-1.png]]

[[ATTACHMENT|..\test-results\accessibility-Testes-de-Ac-d6300-strutura-de-headings-válida-chromium-mobile\video.webm]]

[[ATTACHMENT|..\test-results\accessibility-Testes-de-Ac-d6300-strutura-de-headings-válida-chromium-mobile\error-context.md]]
]]>
</system-out>
<system-err>
<![CDATA[⚠️ Login automático falhou, continuando sem autenticação
]]>
</system-err>
</testcase>
<testcase name="Testes de Acessibilidade - KorLab Nutri › deve passar auditoria completa de acessibilidade" classname="accessibility.spec.cjs" time="30.162">
<failure message="accessibility.spec.cjs:156:3 deve passar auditoria completa de acessibilidade" type="FAILURE">
<![CDATA[  [chromium-mobile] › accessibility.spec.cjs:156:3 › Testes de Acessibilidade - KorLab Nutri › deve passar auditoria completa de acessibilidade 

    Test timeout of 30000ms exceeded while running "beforeEach" hook.

      31 |   let accessibilityHelper;
      32 |
    > 33 |   test.beforeEach(async ({ page }) => {
         |        ^
      34 |     accessibilityHelper = new AccessibilityHelper(page);
      35 |     
      36 |     // Fazer login antes dos testes
        at C:\Users\PC\Desktop\KORLAB\craft-niche-pro\tests\visual\specs\accessibility.spec.cjs:33:8

    attachment #1: screenshot (image/png) ──────────────────────────────────────────────────────────
    ..\reports\test-results\accessibility-Testes-de-Ac-63d24--completa-de-acessibilidade-chromium-mobile\test-failed-1.png
    ────────────────────────────────────────────────────────────────────────────────────────────────

    attachment #2: video (video/webm) ──────────────────────────────────────────────────────────────
    ..\reports\test-results\accessibility-Testes-de-Ac-63d24--completa-de-acessibilidade-chromium-mobile\video.webm
    ────────────────────────────────────────────────────────────────────────────────────────────────

    Error Context: ..\reports\test-results\accessibility-Testes-de-Ac-63d24--completa-de-acessibilidade-chromium-mobile\error-context.md
]]>
</failure>
<system-out>
<![CDATA[
[[ATTACHMENT|..\test-results\accessibility-Testes-de-Ac-63d24--completa-de-acessibilidade-chromium-mobile\test-failed-1.png]]

[[ATTACHMENT|..\test-results\accessibility-Testes-de-Ac-63d24--completa-de-acessibilidade-chromium-mobile\video.webm]]

[[ATTACHMENT|..\test-results\accessibility-Testes-de-Ac-63d24--completa-de-acessibilidade-chromium-mobile\error-context.md]]
]]>
</system-out>
<system-err>
<![CDATA[⚠️ Login automático falhou, continuando sem autenticação
]]>
</system-err>
</testcase>
<testcase name="Testes de Acessibilidade - KorLab Nutri › deve manter acessibilidade em diferentes viewports" classname="accessibility.spec.cjs" time="30.161">
<failure message="accessibility.spec.cjs:179:3 deve manter acessibilidade em diferentes viewports" type="FAILURE">
<![CDATA[  [chromium-mobile] › accessibility.spec.cjs:179:3 › Testes de Acessibilidade - KorLab Nutri › deve manter acessibilidade em diferentes viewports 

    Test timeout of 30000ms exceeded while running "beforeEach" hook.

      31 |   let accessibilityHelper;
      32 |
    > 33 |   test.beforeEach(async ({ page }) => {
         |        ^
      34 |     accessibilityHelper = new AccessibilityHelper(page);
      35 |     
      36 |     // Fazer login antes dos testes
        at C:\Users\PC\Desktop\KORLAB\craft-niche-pro\tests\visual\specs\accessibility.spec.cjs:33:8

    attachment #1: screenshot (image/png) ──────────────────────────────────────────────────────────
    ..\reports\test-results\accessibility-Testes-de-Ac-e7fde-ade-em-diferentes-viewports-chromium-mobile\test-failed-1.png
    ────────────────────────────────────────────────────────────────────────────────────────────────

    attachment #2: video (video/webm) ──────────────────────────────────────────────────────────────
    ..\reports\test-results\accessibility-Testes-de-Ac-e7fde-ade-em-diferentes-viewports-chromium-mobile\video.webm
    ────────────────────────────────────────────────────────────────────────────────────────────────

    Error Context: ..\reports\test-results\accessibility-Testes-de-Ac-e7fde-ade-em-diferentes-viewports-chromium-mobile\error-context.md
]]>
</failure>
<system-out>
<![CDATA[
[[ATTACHMENT|..\test-results\accessibility-Testes-de-Ac-e7fde-ade-em-diferentes-viewports-chromium-mobile\test-failed-1.png]]

[[ATTACHMENT|..\test-results\accessibility-Testes-de-Ac-e7fde-ade-em-diferentes-viewports-chromium-mobile\video.webm]]

[[ATTACHMENT|..\test-results\accessibility-Testes-de-Ac-e7fde-ade-em-diferentes-viewports-chromium-mobile\error-context.md]]
]]>
</system-out>
<system-err>
<![CDATA[⚠️ Login automático falhou, continuando sem autenticação
]]>
</system-err>
</testcase>
<testcase name="Testes de Acessibilidade - KorLab Nutri › deve ter indicadores de foco visíveis" classname="accessibility.spec.cjs" time="30.157">
<failure message="accessibility.spec.cjs:212:3 deve ter indicadores de foco visíveis" type="FAILURE">
<![CDATA[  [chromium-mobile] › accessibility.spec.cjs:212:3 › Testes de Acessibilidade - KorLab Nutri › deve ter indicadores de foco visíveis 

    Test timeout of 30000ms exceeded while running "beforeEach" hook.

      31 |   let accessibilityHelper;
      32 |
    > 33 |   test.beforeEach(async ({ page }) => {
         |        ^
      34 |     accessibilityHelper = new AccessibilityHelper(page);
      35 |     
      36 |     // Fazer login antes dos testes
        at C:\Users\PC\Desktop\KORLAB\craft-niche-pro\tests\visual\specs\accessibility.spec.cjs:33:8

    attachment #1: screenshot (image/png) ──────────────────────────────────────────────────────────
    ..\reports\test-results\accessibility-Testes-de-Ac-016eb-ndicadores-de-foco-visíveis-chromium-mobile\test-failed-1.png
    ────────────────────────────────────────────────────────────────────────────────────────────────

    attachment #2: video (video/webm) ──────────────────────────────────────────────────────────────
    ..\reports\test-results\accessibility-Testes-de-Ac-016eb-ndicadores-de-foco-visíveis-chromium-mobile\video.webm
    ────────────────────────────────────────────────────────────────────────────────────────────────

    Error Context: ..\reports\test-results\accessibility-Testes-de-Ac-016eb-ndicadores-de-foco-visíveis-chromium-mobile\error-context.md
]]>
</failure>
<system-out>
<![CDATA[
[[ATTACHMENT|..\test-results\accessibility-Testes-de-Ac-016eb-ndicadores-de-foco-visíveis-chromium-mobile\test-failed-1.png]]

[[ATTACHMENT|..\test-results\accessibility-Testes-de-Ac-016eb-ndicadores-de-foco-visíveis-chromium-mobile\video.webm]]

[[ATTACHMENT|..\test-results\accessibility-Testes-de-Ac-016eb-ndicadores-de-foco-visíveis-chromium-mobile\error-context.md]]
]]>
</system-out>
<system-err>
<![CDATA[⚠️ Login automático falhou, continuando sem autenticação
]]>
</system-err>
</testcase>
<testcase name="Testes de Acessibilidade - KorLab Nutri › deve ter textos alternativos em imagens" classname="accessibility.spec.cjs" time="30.152">
<failure message="accessibility.spec.cjs:249:3 deve ter textos alternativos em imagens" type="FAILURE">
<![CDATA[  [chromium-mobile] › accessibility.spec.cjs:249:3 › Testes de Acessibilidade - KorLab Nutri › deve ter textos alternativos em imagens 

    Test timeout of 30000ms exceeded while running "beforeEach" hook.

      31 |   let accessibilityHelper;
      32 |
    > 33 |   test.beforeEach(async ({ page }) => {
         |        ^
      34 |     accessibilityHelper = new AccessibilityHelper(page);
      35 |     
      36 |     // Fazer login antes dos testes
        at C:\Users\PC\Desktop\KORLAB\craft-niche-pro\tests\visual\specs\accessibility.spec.cjs:33:8

    attachment #1: screenshot (image/png) ──────────────────────────────────────────────────────────
    ..\reports\test-results\accessibility-Testes-de-Ac-79c23-tos-alternativos-em-imagens-chromium-mobile\test-failed-1.png
    ────────────────────────────────────────────────────────────────────────────────────────────────

    attachment #2: video (video/webm) ──────────────────────────────────────────────────────────────
    ..\reports\test-results\accessibility-Testes-de-Ac-79c23-tos-alternativos-em-imagens-chromium-mobile\video.webm
    ────────────────────────────────────────────────────────────────────────────────────────────────

    Error Context: ..\reports\test-results\accessibility-Testes-de-Ac-79c23-tos-alternativos-em-imagens-chromium-mobile\error-context.md
]]>
</failure>
<system-out>
<![CDATA[
[[ATTACHMENT|..\test-results\accessibility-Testes-de-Ac-79c23-tos-alternativos-em-imagens-chromium-mobile\test-failed-1.png]]

[[ATTACHMENT|..\test-results\accessibility-Testes-de-Ac-79c23-tos-alternativos-em-imagens-chromium-mobile\video.webm]]

[[ATTACHMENT|..\test-results\accessibility-Testes-de-Ac-79c23-tos-alternativos-em-imagens-chromium-mobile\error-context.md]]
]]>
</system-out>
<system-err>
<![CDATA[⚠️ Login automático falhou, continuando sem autenticação
]]>
</system-err>
</testcase>
<testcase name="Testes de Acessibilidade - KorLab Nutri › deve ter links acessíveis" classname="accessibility.spec.cjs" time="30.17">
<failure message="accessibility.spec.cjs:278:3 deve ter links acessíveis" type="FAILURE">
<![CDATA[  [chromium-mobile] › accessibility.spec.cjs:278:3 › Testes de Acessibilidade - KorLab Nutri › deve ter links acessíveis 

    Test timeout of 30000ms exceeded while running "beforeEach" hook.

      31 |   let accessibilityHelper;
      32 |
    > 33 |   test.beforeEach(async ({ page }) => {
         |        ^
      34 |     accessibilityHelper = new AccessibilityHelper(page);
      35 |     
      36 |     // Fazer login antes dos testes
        at C:\Users\PC\Desktop\KORLAB\craft-niche-pro\tests\visual\specs\accessibility.spec.cjs:33:8

    attachment #1: screenshot (image/png) ──────────────────────────────────────────────────────────
    ..\reports\test-results\accessibility-Testes-de-Ac-d643c-i-deve-ter-links-acessíveis-chromium-mobile\test-failed-1.png
    ────────────────────────────────────────────────────────────────────────────────────────────────

    attachment #2: video (video/webm) ──────────────────────────────────────────────────────────────
    ..\reports\test-results\accessibility-Testes-de-Ac-d643c-i-deve-ter-links-acessíveis-chromium-mobile\video.webm
    ────────────────────────────────────────────────────────────────────────────────────────────────

    Error Context: ..\reports\test-results\accessibility-Testes-de-Ac-d643c-i-deve-ter-links-acessíveis-chromium-mobile\error-context.md
]]>
</failure>
<system-out>
<![CDATA[
[[ATTACHMENT|..\test-results\accessibility-Testes-de-Ac-d643c-i-deve-ter-links-acessíveis-chromium-mobile\test-failed-1.png]]

[[ATTACHMENT|..\test-results\accessibility-Testes-de-Ac-d643c-i-deve-ter-links-acessíveis-chromium-mobile\video.webm]]

[[ATTACHMENT|..\test-results\accessibility-Testes-de-Ac-d643c-i-deve-ter-links-acessíveis-chromium-mobile\error-context.md]]
]]>
</system-out>
<system-err>
<![CDATA[⚠️ Login automático falhou, continuando sem autenticação
]]>
</system-err>
</testcase>
</testsuite>
</testsuites>